e:\git\testproj\sunengine\myproj\src\util\debug\util.pdb
g:\sunengine__old\myproj\src\util\util.dir\debug\msgqueue.obj
g:\sunengine__old\myproj\src\util\util.dir\debug\executor.obj
g:\sunengine__old\myproj\src\util\util.dir\debug\str.obj
g:\sunengine__old\myproj\src\util\util.dir\debug\sp.obj
g:\sunengine__old\myproj\src\util\util.dir\debug\quickvector.obj
g:\sunengine__old\myproj\src\util\util.dir\debug\quickmemorypool.obj
g:\sunengine__old\myproj\src\util\util.dir\debug\psort.obj
g:\sunengine__old\myproj\src\util\util.dir\debug\memorypool.obj
g:\sunengine__old\myproj\src\util\util.dir\debug\list.obj
g:\sunengine__old\myproj\src\util\util.dir\debug\hfile.obj
g:\sunengine__old\myproj\src\util\util.dir\debug\hash.obj
g:\sunengine__old\myproj\src\util\util.dir\debug\guid.obj
g:\sunengine__old\myproj\src\util\util.dir\debug\generalmemorypool.obj
g:\sunengine__old\myproj\src\util\util.dir\debug\factory.obj
g:\sunengine__old\myproj\src\util\util.dir\debug\exception.obj
g:\sunengine__old\myproj\src\util\util.dir\debug\crc.obj
g:\sunengine__old\myproj\src\util\util.dir\debug\clock.obj
g:\sunengine__old\myproj\src\util\util.dir\debug\circularqueue.obj
g:\sunengine__old\myproj\src\util\util.dir\debug\byte.obj
g:\sunengine__old\myproj\src\util\util.dir\debug\alloc.obj
g:\sunengine__old\myproj\src\util\util.dir\debug\videomemorypool.obj
g:\sunengine__old\myproj\src\util\util.dir\debug\util.obj
g:\sunengine__old\myproj\src\util\util.dir\debug\treeprinter.obj
g:\sunengine__old\myproj\src\util\util.dir\debug\traitstest.obj
g:\sunengine__old\myproj\src\util\util.dir\debug\traits.obj
g:\sunengine__old\myproj\src\util\util.dir\debug\task.obj
g:\sunengine__old\myproj\debug\util.pdb
g:\sunengine__old\myproj\debug\util.lib
g:\sunengine__old\myproj\src\util\util.dir\debug\fileio.obj
g:\sunengine__old\myproj\src\util\util.dir\debug\random.obj
g:\sunengine__old\myproj\src\util\util.dir\debug\util.tlog\cl.command.1.tlog
g:\sunengine__old\myproj\src\util\util.dir\debug\util.tlog\cl.items.tlog
g:\sunengine__old\myproj\src\util\util.dir\debug\util.tlog\cl.read.1.tlog
g:\sunengine__old\myproj\src\util\util.dir\debug\util.tlog\cl.write.1.tlog
g:\sunengine__old\myproj\src\util\util.dir\debug\util.tlog\lib-link.read.1.tlog
g:\sunengine__old\myproj\src\util\util.dir\debug\util.tlog\lib-link.write.1.tlog
g:\sunengine__old\myproj\src\util\util.dir\debug\util.tlog\lib.command.1.tlog
