g:\sunengine__old\myproj\debug\physics.pdb
g:\sunengine__old\myproj\src\physics\physics.dir\debug\winding.obj
g:\sunengine__old\myproj\src\physics\physics.dir\debug\state.obj
g:\sunengine__old\myproj\src\physics\physics.dir\debug\side.obj
g:\sunengine__old\myproj\src\physics\physics.dir\debug\seafluid.obj
g:\sunengine__old\myproj\src\physics\physics.dir\debug\randpolyhedrongenerator.obj
g:\sunengine__old\myproj\src\physics\physics.dir\debug\polyhedron.obj
g:\sunengine__old\myproj\src\physics\physics.dir\debug\physics.obj
g:\sunengine__old\myproj\src\physics\physics.dir\debug\particle.obj
g:\sunengine__old\myproj\src\physics\physics.dir\debug\kdtree.obj
g:\sunengine__old\myproj\src\physics\physics.dir\debug\hitrecordtest.obj
g:\sunengine__old\myproj\src\physics\physics.dir\debug\hitrecord.obj
g:\sunengine__old\myproj\src\physics\physics.dir\debug\grid3d.obj
g:\sunengine__old\myproj\src\physics\physics.dir\debug\fluid.obj
g:\sunengine__old\myproj\src\physics\physics.dir\debug\dynamichinttest.obj
g:\sunengine__old\myproj\src\physics\physics.dir\debug\distancefield.obj
g:\sunengine__old\myproj\src\physics\physics.dir\debug\cmvertex.obj
g:\sunengine__old\myproj\src\physics\physics.dir\debug\bsptree.obj
g:\sunengine__old\myproj\src\physics\physics.dir\debug\boundingvolume.obj
g:\sunengine__old\myproj\debug\physics.lib
g:\sunengine__old\myproj\src\physics\physics.dir\debug\cmedge.obj
g:\sunengine__old\myproj\src\physics\physics.dir\debug\cmmodel.obj
g:\sunengine__old\myproj\src\physics\physics.dir\debug\cmpolygon.obj
g:\sunengine__old\myproj\src\physics\physics.dir\debug\physics.tlog\cl.command.1.tlog
g:\sunengine__old\myproj\src\physics\physics.dir\debug\physics.tlog\cl.items.tlog
g:\sunengine__old\myproj\src\physics\physics.dir\debug\physics.tlog\cl.read.1.tlog
g:\sunengine__old\myproj\src\physics\physics.dir\debug\physics.tlog\cl.write.1.tlog
g:\sunengine__old\myproj\src\physics\physics.dir\debug\physics.tlog\lib-link.read.1.tlog
g:\sunengine__old\myproj\src\physics\physics.dir\debug\physics.tlog\lib-link.write.1.tlog
g:\sunengine__old\myproj\src\physics\physics.dir\debug\physics.tlog\lib.command.1.tlog
