e:\git\testproj\sunengine\myproj\x64\debug\audio.lib
e:\git\testproj\sunengine\myproj\x64\debug\audio.exp
e:\git\testproj\sunengine\myproj\debug\audio.lib
e:\git\testproj\sunengine\myproj\debug\audio.exp
e:\git\testproj\sunengine\myproj\src\audio\x64\debug\vc142.pdb
e:\git\testproj\sunengine\myproj\src\audio\x64\debug\vc142.idb
e:\git\testproj\sunengine\myproj\src\audio\x64\debug\pch.obj
e:\git\testproj\sunengine\myproj\src\audio\x64\debug\dllmain.obj
e:\git\testproj\sunengine\myproj\src\audio\x64\debug\audio.obj
e:\git\testproj\sunengine\myproj\src\audio\x64\debug\cwaves.obj
e:\git\testproj\sunengine\myproj\src\audio\x64\debug\aldlist.obj
e:\git\testproj\sunengine\myproj\src\audio\x64\debug\framework.obj
e:\git\testproj\sunengine\myproj\src\audio\x64\debug\loadoal.obj
e:\git\testproj\sunengine\myproj\debug\audio.dll
e:\git\testproj\sunengine\myproj\src\audio\x64\debug\audio.ilk
e:\git\testproj\sunengine\myproj\debug\audio.pdb
e:\git\testproj\sunengine\myproj\\debug\audio.pdb
e:\git\testproj\sunengine\myproj\src\audio\x64\debug\audio.tlog\audio.write.1u.tlog
e:\git\testproj\sunengine\myproj\src\audio\x64\debug\audio.tlog\cl.command.1.tlog
e:\git\testproj\sunengine\myproj\src\audio\x64\debug\audio.tlog\cl.read.1.tlog
e:\git\testproj\sunengine\myproj\src\audio\x64\debug\audio.tlog\cl.write.1.tlog
e:\git\testproj\sunengine\myproj\src\audio\x64\debug\audio.tlog\link.13140.delete.1.tlog
e:\git\testproj\sunengine\myproj\src\audio\x64\debug\audio.tlog\link.13796.delete.1.tlog
e:\git\testproj\sunengine\myproj\src\audio\x64\debug\audio.tlog\link.16860.delete.1.tlog
e:\git\testproj\sunengine\myproj\src\audio\x64\debug\audio.tlog\link.21576.delete.1.tlog
e:\git\testproj\sunengine\myproj\src\audio\x64\debug\audio.tlog\link.command.1.tlog
e:\git\testproj\sunengine\myproj\src\audio\x64\debug\audio.tlog\link.read.1.tlog
e:\git\testproj\sunengine\myproj\src\audio\x64\debug\audio.tlog\link.write.1.tlog
