D:\Microsoft Visual Studio\2022\Community\MSBuild\Microsoft\VC\v170\Microsoft.CppBuild.targets(524,5): warning MSB8004: Output 目录未以斜杠结尾。  此生成实例将添加斜杠，因为必须有这个斜杠才能正确计算 Output 目录。
  pch.cpp
  ShaderDll.cpp
G:\SunEngine__old\src\Math\MathUtils.h(141,18): warning C4244: “参数”: 从“double”转换到“float”，可能丢失数据
  (编译源文件“../../../src/ShaderDll/ShaderDll.cpp”)
  
G:\SunEngine__old\src\Math\MathUtils.h(142,16): warning C4244: “=”: 从“double”转换到“float”，可能丢失数据
  (编译源文件“../../../src/ShaderDll/ShaderDll.cpp”)
  
G:\SunEngine__old\src\Math\MathUtils.h(148,39): warning C4244: “参数”: 从“double”转换到“float”，可能丢失数据
  (编译源文件“../../../src/ShaderDll/ShaderDll.cpp”)
  
G:\SunEngine__old\src\Math\MathUtils.h(150,16): warning C4244: “=”: 从“double”转换到“float”，可能丢失数据
  (编译源文件“../../../src/ShaderDll/ShaderDll.cpp”)
  
G:\SunEngine__old\src\Math\MathUtils.h(156,39): warning C4244: “参数”: 从“double”转换到“float”，可能丢失数据
  (编译源文件“../../../src/ShaderDll/ShaderDll.cpp”)
  
G:\SunEngine__old\src\Math\MathUtils.h(159,16): warning C4244: “=”: 从“double”转换到“float”，可能丢失数据
  (编译源文件“../../../src/ShaderDll/ShaderDll.cpp”)
  
G:\SunEngine__old\src\Math\MathUtils.h(163,39): warning C4244: “参数”: 从“double”转换到“float”，可能丢失数据
  (编译源文件“../../../src/ShaderDll/ShaderDll.cpp”)
  
G:\SunEngine__old\src\Math\MathUtils.h(167,16): warning C4244: “=”: 从“double”转换到“float”，可能丢失数据
  (编译源文件“../../../src/ShaderDll/ShaderDll.cpp”)
  
    正在创建库 G:\SunEngine__old\myproj\Debug\ShaderDll.lib 和对象 G:\SunEngine__old\myproj\Debug\ShaderDll.exp
  ShaderDll.vcxproj -> G:\SunEngine__old\myproj\Debug\ShaderDll.dll
