g:\sunengine__old\myproj\debug\entity.pdb
g:\sunengine__old\myproj\src\entity\entity.dir\debug\lightobject.obj
g:\sunengine__old\myproj\src\entity\entity.dir\debug\light.obj
g:\sunengine__old\myproj\src\entity\entity.dir\debug\level.obj
g:\sunengine__old\myproj\src\entity\entity.dir\debug\gltfloader2.obj
g:\sunengine__old\myproj\src\entity\entity.dir\debug\gameobjectcontainer.obj
g:\sunengine__old\myproj\src\entity\entity.dir\debug\gameobject.obj
g:\sunengine__old\myproj\src\entity\entity.dir\debug\systemmgr.obj
g:\sunengine__old\myproj\src\entity\entity.dir\debug\isystem.obj
g:\sunengine__old\myproj\src\entity\entity.dir\debug\escmemorypool.obj
g:\sunengine__old\myproj\src\entity\entity.dir\debug\ecsmgr.obj
g:\sunengine__old\myproj\src\entity\entity.dir\debug\ecsglobal.obj
g:\sunengine__old\myproj\src\entity\entity.dir\debug\ecs.obj
g:\sunengine__old\myproj\src\entity\entity.dir\debug\comtypeid.obj
g:\sunengine__old\myproj\src\entity\entity.dir\debug\comaccessptr.obj
g:\sunengine__old\myproj\src\entity\entity.dir\debug\chunk.obj
g:\sunengine__old\myproj\src\entity\entity.dir\debug\archetype.obj
g:\sunengine__old\myproj\src\entity\entity.dir\debug\directlight.obj
g:\sunengine__old\myproj\src\entity\entity.dir\debug\controller.obj
g:\sunengine__old\myproj\src\entity\entity.dir\debug\character.obj
g:\sunengine__old\myproj\src\entity\entity.dir\debug\aicontroller.obj
g:\sunengine__old\myproj\src\entity\entity.dir\debug\world.obj
g:\sunengine__old\myproj\src\entity\entity.dir\debug\tiny_obj_loader.obj
g:\sunengine__old\myproj\src\entity\entity.dir\debug\tinyply.obj
g:\sunengine__old\myproj\src\entity\entity.dir\debug\pointlight.obj
g:\sunengine__old\myproj\src\entity\entity.dir\debug\plyloader.obj
g:\sunengine__old\myproj\src\entity\entity.dir\debug\playercontroller.obj
g:\sunengine__old\myproj\src\entity\entity.dir\debug\pawn.obj
g:\sunengine__old\myproj\src\entity\entity.dir\debug\objloader2.obj
g:\sunengine__old\myproj\src\entity\entity.dir\debug\objloader.obj
g:\sunengine__old\myproj\src\entity\entity.dir\debug\obj.obj
g:\sunengine__old\myproj\src\entity\entity.dir\debug\missile.obj
g:\sunengine__old\myproj\debug\entity.lib
g:\sunengine__old\myproj\src\entity\entity.dir\debug\entity.tlog\cl.command.1.tlog
g:\sunengine__old\myproj\src\entity\entity.dir\debug\entity.tlog\cl.items.tlog
g:\sunengine__old\myproj\src\entity\entity.dir\debug\entity.tlog\cl.read.1.tlog
g:\sunengine__old\myproj\src\entity\entity.dir\debug\entity.tlog\cl.write.1.tlog
g:\sunengine__old\myproj\src\entity\entity.dir\debug\entity.tlog\lib-link.read.1.tlog
g:\sunengine__old\myproj\src\entity\entity.dir\debug\entity.tlog\lib-link.write.1.tlog
g:\sunengine__old\myproj\src\entity\entity.dir\debug\entity.tlog\lib.command.1.tlog
