e:\git\testproj\sunengine\myproj\src\network\x64\debug\vc142.pdb
g:\sunengine__old\myproj\src\network\x64\debug\vc143.pdb
g:\sunengine__old\myproj\src\network\x64\debug\networkimpl.obj
g:\sunengine__old\myproj\src\network\x64\debug\network.obj
g:\sunengine__old\myproj\src\network\x64\debug\commutenodeimpl.obj
g:\sunengine__old\myproj\src\network\x64\debug\commutenode.obj
g:\sunengine__old\myproj\debug\network.dll
g:\sunengine__old\myproj\debug\network.pdb
e:\git\testproj\sunengine\myproj\debug\network.lib
e:\git\testproj\sunengine\myproj\debug\network.exp
g:\sunengine__old\myproj\debug\network.lib
g:\sunengine__old\myproj\debug\network.exp
g:\sunengine__old\myproj\src\network\x64\debug\network.ilk
g:\sunengine__old\myproj\src\network\x64\debug\vc142.pdb
g:\sunengine__old\myproj\src\network\x64\debug\network.tlog\cl.command.1.tlog
g:\sunengine__old\myproj\src\network\x64\debug\network.tlog\cl.items.tlog
g:\sunengine__old\myproj\src\network\x64\debug\network.tlog\cl.read.1.tlog
g:\sunengine__old\myproj\src\network\x64\debug\network.tlog\cl.write.1.tlog
g:\sunengine__old\myproj\src\network\x64\debug\network.tlog\link.command.1.tlog
g:\sunengine__old\myproj\src\network\x64\debug\network.tlog\link.read.1.tlog
g:\sunengine__old\myproj\src\network\x64\debug\network.tlog\link.secondary.1.tlog
g:\sunengine__old\myproj\src\network\x64\debug\network.tlog\link.write.1.tlog
g:\sunengine__old\myproj\src\network\x64\debug\network.tlog\network.write.1u.tlog
