e:\git\testproj\sunengine\myproj\src\script\x64\debug\vc142.pdb
e:\git\testproj\sunengine\myproj\src\script\x64\debug\vc142.idb
e:\git\testproj\sunengine\myproj\src\script\x64\debug\try.obj
e:\git\testproj\sunengine\myproj\src\script\x64\debug\token.obj
e:\git\testproj\sunengine\myproj\src\script\x64\debug\testscript.obj
e:\git\testproj\sunengine\myproj\src\script\x64\debug\repl.obj
e:\git\testproj\sunengine\myproj\src\script\x64\debug\parser.obj
e:\git\testproj\sunengine\myproj\src\script\x64\debug\objectsys.obj
e:\git\testproj\sunengine\myproj\src\script\x64\debug\lexer.obj
e:\git\testproj\sunengine\myproj\src\script\x64\debug\eval.obj
e:\git\testproj\sunengine\myproj\src\script\x64\debug\environment.obj
e:\git\testproj\sunengine\myproj\src\script\x64\debug\bytecode.obj
e:\git\testproj\sunengine\myproj\src\script\x64\debug\ast.obj
e:\git\testproj\sunengine\myproj\src\script\x64\debug\script.ilk
e:\git\testproj\sunengine\myproj\x64\debug\script.dll
e:\git\testproj\sunengine\myproj\x64\debug\script.pdb
e:\git\testproj\sunengine\myproj\x64\debug\script.lib
e:\git\testproj\sunengine\myproj\x64\debug\script.exp
e:\git\testproj\sunengine\myproj\src\script\x64\debug\script.tlog\cl.command.1.tlog
e:\git\testproj\sunengine\myproj\src\script\x64\debug\script.tlog\cl.read.1.tlog
e:\git\testproj\sunengine\myproj\src\script\x64\debug\script.tlog\cl.write.1.tlog
e:\git\testproj\sunengine\myproj\src\script\x64\debug\script.tlog\link.command.1.tlog
e:\git\testproj\sunengine\myproj\src\script\x64\debug\script.tlog\link.read.1.tlog
e:\git\testproj\sunengine\myproj\src\script\x64\debug\script.tlog\link.write.1.tlog
e:\git\testproj\sunengine\myproj\src\script\x64\debug\script.tlog\script.write.1u.tlog
