D:\Microsoft Visual Studio\2022\Community\MSBuild\Microsoft\VC\v170\Microsoft.CppBuild.targets(524,5): warning MSB8004: Output 目录未以斜杠结尾。  此生成实例将添加斜杠，因为必须有这个斜杠才能正确计算 Output 目录。
  MetaParser.cpp
G:\SunEngine__old\src\Script\Lexer.h(74,15): warning C4251: “Sun::Lexer::input”:“std::basic_string<char,std::char_traits<char>,std::allocator<char>>”需要有 dll 接口以供“Sun::Lexer”的客户端使用
  (编译源文件“../../../src/Script/MetaParser.cpp”)
      D:\Microsoft Visual Studio\2022\Community\VC\Tools\MSVC\14.44.35207\include\xstring(541,7):
      参见“std::basic_string<char,std::char_traits<char>,std::allocator<char>>”的声明
  
G:\SunEngine__old\src\Script\MetaParser.h(48,32): warning C4251: “Sun::MetaParser::metaDatas_”:“std::vector<Sun::MetaData *,std::allocator<Sun::MetaData *>>”需要有 dll 接口以供“Sun::MetaParser”的客户端使用
  (编译源文件“../../../src/Script/MetaParser.cpp”)
      D:\Microsoft Visual Studio\2022\Community\VC\Tools\MSVC\14.44.35207\include\vector(442,7):
      参见“std::vector<Sun::MetaData *,std::allocator<Sun::MetaData *>>”的声明
  
  MetaWriter.cpp
G:\SunEngine__old\src\Script\Lexer.h(74,15): warning C4251: “Sun::Lexer::input”:“std::basic_string<char,std::char_traits<char>,std::allocator<char>>”需要有 dll 接口以供“Sun::Lexer”的客户端使用
  (编译源文件“../../../src/Script/MetaWriter.cpp”)
      D:\Microsoft Visual Studio\2022\Community\VC\Tools\MSVC\14.44.35207\include\xstring(541,7):
      参见“std::basic_string<char,std::char_traits<char>,std::allocator<char>>”的声明
  
G:\SunEngine__old\src\Script\MetaParser.h(48,32): warning C4251: “Sun::MetaParser::metaDatas_”:“std::vector<Sun::MetaData *,std::allocator<Sun::MetaData *>>”需要有 dll 接口以供“Sun::MetaParser”的客户端使用
  (编译源文件“../../../src/Script/MetaWriter.cpp”)
      D:\Microsoft Visual Studio\2022\Community\VC\Tools\MSVC\14.44.35207\include\vector(442,7):
      参见“std::vector<Sun::MetaData *,std::allocator<Sun::MetaData *>>”的声明
  
G:\SunEngine__old\src\Script\MetaWriter.cpp(42,50): warning C4267: “参数”: 从“size_t”转换到“int”，可能丢失数据
  Try.cpp
  正在生成代码...
    正在创建库 G:\SunEngine__old\myproj\Debug\Script.lib 和对象 G:\SunEngine__old\myproj\Debug\Script.exp
  Script.vcxproj -> G:\SunEngine__old\myproj\Debug\Script.dll
