D:\Microsoft Visual Studio\2022\Community\MSBuild\Current\Bin\amd64\Microsoft.Common.CurrentVersion.targets(2189,5): warning MSB9008: 引用的项目 E:\GIT\testproj\SunEngine\myproj\ZERO_CHECK.vcxproj 不存在。
D:\Microsoft Visual Studio\2022\Community\MSBuild\Microsoft\VC\v170\Microsoft.CppBuild.targets(524,5): warning MSB8004: Output 目录未以斜杠结尾。  此生成实例将添加斜杠，因为必须有这个斜杠才能正确计算 Output 目录。
  GameDemo2.cpp
G:\Sun\SunEngine\src\Math\MathUtils.h(141,18): warning C4244: “参数”: 从“double”转换到“float”，可能丢失数据
  (编译源文件“../../../src/Game/GameDemo2.cpp”)
  
G:\Sun\SunEngine\src\Math\MathUtils.h(142,16): warning C4244: “=”: 从“double”转换到“float”，可能丢失数据
  (编译源文件“../../../src/Game/GameDemo2.cpp”)
  
G:\Sun\SunEngine\src\Math\MathUtils.h(148,39): warning C4244: “参数”: 从“double”转换到“float”，可能丢失数据
  (编译源文件“../../../src/Game/GameDemo2.cpp”)
  
G:\Sun\SunEngine\src\Math\MathUtils.h(150,16): warning C4244: “=”: 从“double”转换到“float”，可能丢失数据
  (编译源文件“../../../src/Game/GameDemo2.cpp”)
  
G:\Sun\SunEngine\src\Math\MathUtils.h(156,39): warning C4244: “参数”: 从“double”转换到“float”，可能丢失数据
  (编译源文件“../../../src/Game/GameDemo2.cpp”)
  
G:\Sun\SunEngine\src\Math\MathUtils.h(159,16): warning C4244: “=”: 从“double”转换到“float”，可能丢失数据
  (编译源文件“../../../src/Game/GameDemo2.cpp”)
  
G:\Sun\SunEngine\src\Math\MathUtils.h(163,39): warning C4244: “参数”: 从“double”转换到“float”，可能丢失数据
  (编译源文件“../../../src/Game/GameDemo2.cpp”)
  
G:\Sun\SunEngine\src\Math\MathUtils.h(167,16): warning C4244: “=”: 从“double”转换到“float”，可能丢失数据
  (编译源文件“../../../src/Game/GameDemo2.cpp”)
  
G:\Sun\SunEngine\src\Assets\Animation.h(90,12): warning C4099: “Sun::Animation”: 类型名称以前使用“class”现在使用的是“struct”
  (编译源文件“../../../src/Game/GameDemo2.cpp”)
      G:\Sun\SunEngine\src\Assets\Animation.h(90,12):
      参见“Sun::Animation”的声明
  
G:\Sun\SunEngine\src\Entity\GameObject.h(249,12): warning C4099: “Sun::GameObjectCompare”: 类型名称以前使用“class”现在使用的是“struct”
  (编译源文件“../../../src/Game/GameDemo2.cpp”)
      G:\Sun\SunEngine\src\Entity\GameObject.h(249,12):
      参见“Sun::GameObjectCompare”的声明
  
G:\Sun\SunEngine\src\Component\CameraComponent.h(56,30): warning C4305: “初始化”: 从“double”到“const float”截断
  (编译源文件“../../../src/Game/GameDemo2.cpp”)
  
G:\Sun\SunEngine\src\Math\Plane.h(15,39): warning C4806: “|”: 不安全操作: 从类型“bool”提升到类型“int”的值不能等于给定的常量
  (编译源文件“../../../src/Game/GameDemo2.cpp”)
  
G:\Sun\SunEngine\src\Math\Plane.h(15,39): warning C4554: “|”: 检查运算符优先级是否存在的可能的错误；使用括号阐明优先级
  (编译源文件“../../../src/Game/GameDemo2.cpp”)
  
G:\Sun\SunEngine\src\Math\Geometry.h(39,16): warning C4244: “return”: 从“int”转换到“float”，可能丢失数据
  (编译源文件“../../../src/Game/GameDemo2.cpp”)
  
G:\Sun\SunEngine\src\Physics\BVH.h(86,26): warning C4244: “初始化”: 从“double”转换到“float”，可能丢失数据
  (编译源文件“../../../src/Game/GameDemo2.cpp”)
  
G:\Sun\SunEngine\src\Physics\DynamicHintTest.h(60,13): warning C4244: “初始化”: 从“double”转换到“float”，可能丢失数据
  (编译源文件“../../../src/Game/GameDemo2.cpp”)
  
G:\Sun\SunEngine\src\Physics\DynamicHintTest.h(96,13): warning C4244: “初始化”: 从“double”转换到“float”，可能丢失数据
  (编译源文件“../../../src/Game/GameDemo2.cpp”)
  
G:\Sun\SunEngine\src\Assets\Assets.h(24,11): warning C4099: “Sun::Animation”: 类型名称以前使用“struct”现在使用的是“class”
  (编译源文件“../../../src/Game/GameDemo2.cpp”)
      G:\Sun\SunEngine\src\Assets\Animation.h(90,12):
      参见“Sun::Animation”的声明
  
G:\Sun\SunEngine\src\Component\RayTracingComponent.h(25,31): warning C4305: “=”: 从“double”到“float”截断
  (编译源文件“../../../src/Game/GameDemo2.cpp”)
  
G:\Sun\SunEngine\src\Game\Loadings.h(29,24): warning C4244: “初始化”: 从“double”转换到“float”，可能丢失数据
  (编译源文件“../../../src/Game/GameDemo2.cpp”)
  
G:\Sun\SunEngine\src\Game\Loadings.h(59,24): warning C4244: “初始化”: 从“double”转换到“float”，可能丢失数据
  (编译源文件“../../../src/Game/GameDemo2.cpp”)
  
G:\Sun\SunEngine\src\Game\GameDemo2.cpp(53,41): warning C4305: “参数”: 从“double”到“_T”截断
G:\Sun\SunEngine\src\Game\GameDemo2.cpp(53,41): warning C4305:         with
G:\Sun\SunEngine\src\Game\GameDemo2.cpp(53,41): warning C4305:         [
G:\Sun\SunEngine\src\Game\GameDemo2.cpp(53,41): warning C4305:             _T=float
G:\Sun\SunEngine\src\Game\GameDemo2.cpp(53,41): warning C4305:         ]
G:\Sun\SunEngine\src\Game\GameDemo2.cpp(53,37): warning C4305: “参数”: 从“double”到“_T”截断
G:\Sun\SunEngine\src\Game\GameDemo2.cpp(53,37): warning C4305:         with
G:\Sun\SunEngine\src\Game\GameDemo2.cpp(53,37): warning C4305:         [
G:\Sun\SunEngine\src\Game\GameDemo2.cpp(53,37): warning C4305:             _T=float
G:\Sun\SunEngine\src\Game\GameDemo2.cpp(53,37): warning C4305:         ]
G:\Sun\SunEngine\src\Game\GameDemo2.cpp(53,33): warning C4305: “参数”: 从“double”到“_T”截断
G:\Sun\SunEngine\src\Game\GameDemo2.cpp(53,33): warning C4305:         with
G:\Sun\SunEngine\src\Game\GameDemo2.cpp(53,33): warning C4305:         [
G:\Sun\SunEngine\src\Game\GameDemo2.cpp(53,33): warning C4305:             _T=float
G:\Sun\SunEngine\src\Game\GameDemo2.cpp(53,33): warning C4305:         ]
G:\Sun\SunEngine\src\Game\GameDemo2.cpp(335,89): warning C4305: “参数”: 从“double”到“float”截断
G:\Sun\SunEngine\src\Game\GameDemo2.cpp(335,72): warning C4305: “参数”: 从“double”到“float”截断
G:\Sun\SunEngine\src\Math\MathUtils.h(83,8): warning C4244: “初始化”: 从“T”转换到“T”，可能丢失数据
G:\Sun\SunEngine\src\Math\MathUtils.h(83,8): warning C4244:         with
G:\Sun\SunEngine\src\Math\MathUtils.h(83,8): warning C4244:         [
G:\Sun\SunEngine\src\Math\MathUtils.h(83,8): warning C4244:             T=double
G:\Sun\SunEngine\src\Math\MathUtils.h(83,8): warning C4244:         ]
G:\Sun\SunEngine\src\Math\MathUtils.h(83,8): warning C4244:         and
G:\Sun\SunEngine\src\Math\MathUtils.h(83,8): warning C4244:         [
G:\Sun\SunEngine\src\Math\MathUtils.h(83,8): warning C4244:             T=float
G:\Sun\SunEngine\src\Math\MathUtils.h(83,8): warning C4244:         ]
  (编译源文件“../../../src/Game/GameDemo2.cpp”)
      G:\Sun\SunEngine\src\Math\MathUtils.h(83,8):
      模板实例化上下文(最早的实例化上下文)为
          G:\Sun\SunEngine\src\Physics\ClosestTest.h(57,13):
          查看对正在编译的函数 模板 实例化“T Sun::Math::upperBound<float,double>(const T &,double)”的引用
          with
          [
              T=float
          ]
  
G:\Sun\SunEngine\src\Math\MathUtils.h(94,8): warning C4244: “初始化”: 从“T”转换到“T”，可能丢失数据
G:\Sun\SunEngine\src\Math\MathUtils.h(94,8): warning C4244:         with
G:\Sun\SunEngine\src\Math\MathUtils.h(94,8): warning C4244:         [
G:\Sun\SunEngine\src\Math\MathUtils.h(94,8): warning C4244:             T=double
G:\Sun\SunEngine\src\Math\MathUtils.h(94,8): warning C4244:         ]
G:\Sun\SunEngine\src\Math\MathUtils.h(94,8): warning C4244:         and
G:\Sun\SunEngine\src\Math\MathUtils.h(94,8): warning C4244:         [
G:\Sun\SunEngine\src\Math\MathUtils.h(94,8): warning C4244:             T=float
G:\Sun\SunEngine\src\Math\MathUtils.h(94,8): warning C4244:         ]
  (编译源文件“../../../src/Game/GameDemo2.cpp”)
      G:\Sun\SunEngine\src\Math\MathUtils.h(94,8):
      模板实例化上下文(最早的实例化上下文)为
          G:\Sun\SunEngine\src\Physics\ClosestTest.h(58,13):
          查看对正在编译的函数 模板 实例化“T Sun::Math::lowerBound<float,double>(const T &,double)”的引用
          with
          [
              T=float
          ]
  
  Loadings.cpp
G:\Sun\SunEngine\src\Math\MathUtils.h(141,18): warning C4244: “参数”: 从“double”转换到“float”，可能丢失数据
  (编译源文件“../../../src/Game/Loadings.cpp”)
  
G:\Sun\SunEngine\src\Math\MathUtils.h(142,16): warning C4244: “=”: 从“double”转换到“float”，可能丢失数据
  (编译源文件“../../../src/Game/Loadings.cpp”)
  
G:\Sun\SunEngine\src\Math\MathUtils.h(148,39): warning C4244: “参数”: 从“double”转换到“float”，可能丢失数据
  (编译源文件“../../../src/Game/Loadings.cpp”)
  
G:\Sun\SunEngine\src\Math\MathUtils.h(150,16): warning C4244: “=”: 从“double”转换到“float”，可能丢失数据
  (编译源文件“../../../src/Game/Loadings.cpp”)
  
G:\Sun\SunEngine\src\Math\MathUtils.h(156,39): warning C4244: “参数”: 从“double”转换到“float”，可能丢失数据
  (编译源文件“../../../src/Game/Loadings.cpp”)
  
G:\Sun\SunEngine\src\Math\MathUtils.h(159,16): warning C4244: “=”: 从“double”转换到“float”，可能丢失数据
  (编译源文件“../../../src/Game/Loadings.cpp”)
  
G:\Sun\SunEngine\src\Math\MathUtils.h(163,39): warning C4244: “参数”: 从“double”转换到“float”，可能丢失数据
  (编译源文件“../../../src/Game/Loadings.cpp”)
  
G:\Sun\SunEngine\src\Math\MathUtils.h(167,16): warning C4244: “=”: 从“double”转换到“float”，可能丢失数据
  (编译源文件“../../../src/Game/Loadings.cpp”)
  
G:\Sun\SunEngine\src\Assets\Animation.h(90,12): warning C4099: “Sun::Animation”: 类型名称以前使用“class”现在使用的是“struct”
  (编译源文件“../../../src/Game/Loadings.cpp”)
      G:\Sun\SunEngine\src\Assets\Animation.h(90,12):
      参见“Sun::Animation”的声明
  
G:\Sun\SunEngine\src\Entity\GameObject.h(249,12): warning C4099: “Sun::GameObjectCompare”: 类型名称以前使用“class”现在使用的是“struct”
  (编译源文件“../../../src/Game/Loadings.cpp”)
      G:\Sun\SunEngine\src\Entity\GameObject.h(249,12):
      参见“Sun::GameObjectCompare”的声明
  
G:\Sun\SunEngine\src\Component\CameraComponent.h(56,30): warning C4305: “初始化”: 从“double”到“const float”截断
  (编译源文件“../../../src/Game/Loadings.cpp”)
  
G:\Sun\SunEngine\src\Assets\Assets.h(24,11): warning C4099: “Sun::Animation”: 类型名称以前使用“struct”现在使用的是“class”
  (编译源文件“../../../src/Game/Loadings.cpp”)
      G:\Sun\SunEngine\src\Assets\Animation.h(90,12):
      参见“Sun::Animation”的声明
  
G:\Sun\SunEngine\src\Math\Plane.h(15,39): warning C4806: “|”: 不安全操作: 从类型“bool”提升到类型“int”的值不能等于给定的常量
  (编译源文件“../../../src/Game/Loadings.cpp”)
  
G:\Sun\SunEngine\src\Math\Plane.h(15,39): warning C4554: “|”: 检查运算符优先级是否存在的可能的错误；使用括号阐明优先级
  (编译源文件“../../../src/Game/Loadings.cpp”)
  
G:\Sun\SunEngine\src\Math\Geometry.h(39,16): warning C4244: “return”: 从“int”转换到“float”，可能丢失数据
  (编译源文件“../../../src/Game/Loadings.cpp”)
  
G:\Sun\SunEngine\src\Physics\BVH.h(86,26): warning C4244: “初始化”: 从“double”转换到“float”，可能丢失数据
  (编译源文件“../../../src/Game/Loadings.cpp”)
  
G:\Sun\SunEngine\src\Physics\DynamicHintTest.h(60,13): warning C4244: “初始化”: 从“double”转换到“float”，可能丢失数据
  (编译源文件“../../../src/Game/Loadings.cpp”)
  
G:\Sun\SunEngine\src\Physics\DynamicHintTest.h(96,13): warning C4244: “初始化”: 从“double”转换到“float”，可能丢失数据
  (编译源文件“../../../src/Game/Loadings.cpp”)
  
G:\Sun\SunEngine\src\Component\RayTracingComponent.h(25,31): warning C4305: “=”: 从“double”到“float”截断
  (编译源文件“../../../src/Game/Loadings.cpp”)
  
G:\Sun\SunEngine\src\Game\Loadings.h(29,24): warning C4244: “初始化”: 从“double”转换到“float”，可能丢失数据
  (编译源文件“../../../src/Game/Loadings.cpp”)
  
G:\Sun\SunEngine\src\Game\Loadings.h(59,24): warning C4244: “初始化”: 从“double”转换到“float”，可能丢失数据
  (编译源文件“../../../src/Game/Loadings.cpp”)
  
G:\Sun\SunEngine\src\Game\Loadings.cpp(75,31): warning C4244: “参数”: 从“double”转换到“const float”，可能丢失数据
G:\Sun\SunEngine\src\Game\Loadings.cpp(76,31): warning C4244: “参数”: 从“double”转换到“const float”，可能丢失数据
G:\Sun\SunEngine\src\Game\Loadings.cpp(79,36): warning C4244: “参数”: 从“int”转换到“const float”，可能丢失数据
G:\Sun\SunEngine\src\Game\Loadings.cpp(79,45): warning C4244: “参数”: 从“int”转换到“const float”，可能丢失数据
G:\Sun\SunEngine\src\Math\MathUtils.h(83,8): warning C4244: “初始化”: 从“T”转换到“T”，可能丢失数据
G:\Sun\SunEngine\src\Math\MathUtils.h(83,8): warning C4244:         with
G:\Sun\SunEngine\src\Math\MathUtils.h(83,8): warning C4244:         [
G:\Sun\SunEngine\src\Math\MathUtils.h(83,8): warning C4244:             T=double
G:\Sun\SunEngine\src\Math\MathUtils.h(83,8): warning C4244:         ]
G:\Sun\SunEngine\src\Math\MathUtils.h(83,8): warning C4244:         and
G:\Sun\SunEngine\src\Math\MathUtils.h(83,8): warning C4244:         [
G:\Sun\SunEngine\src\Math\MathUtils.h(83,8): warning C4244:             T=float
G:\Sun\SunEngine\src\Math\MathUtils.h(83,8): warning C4244:         ]
  (编译源文件“../../../src/Game/Loadings.cpp”)
      G:\Sun\SunEngine\src\Math\MathUtils.h(83,8):
      模板实例化上下文(最早的实例化上下文)为
          G:\Sun\SunEngine\src\Physics\ClosestTest.h(57,13):
          查看对正在编译的函数 模板 实例化“T Sun::Math::upperBound<float,double>(const T &,double)”的引用
          with
          [
              T=float
          ]
  
G:\Sun\SunEngine\src\Math\MathUtils.h(94,8): warning C4244: “初始化”: 从“T”转换到“T”，可能丢失数据
G:\Sun\SunEngine\src\Math\MathUtils.h(94,8): warning C4244:         with
G:\Sun\SunEngine\src\Math\MathUtils.h(94,8): warning C4244:         [
G:\Sun\SunEngine\src\Math\MathUtils.h(94,8): warning C4244:             T=double
G:\Sun\SunEngine\src\Math\MathUtils.h(94,8): warning C4244:         ]
G:\Sun\SunEngine\src\Math\MathUtils.h(94,8): warning C4244:         and
G:\Sun\SunEngine\src\Math\MathUtils.h(94,8): warning C4244:         [
G:\Sun\SunEngine\src\Math\MathUtils.h(94,8): warning C4244:             T=float
G:\Sun\SunEngine\src\Math\MathUtils.h(94,8): warning C4244:         ]
  (编译源文件“../../../src/Game/Loadings.cpp”)
      G:\Sun\SunEngine\src\Math\MathUtils.h(94,8):
      模板实例化上下文(最早的实例化上下文)为
          G:\Sun\SunEngine\src\Physics\ClosestTest.h(58,13):
          查看对正在编译的函数 模板 实例化“T Sun::Math::lowerBound<float,double>(const T &,double)”的引用
          with
          [
              T=float
          ]
  
  RandomizedPrim.cpp
G:\Sun\SunEngine\src\Math\MathUtils.h(141,18): warning C4244: “参数”: 从“double”转换到“float”，可能丢失数据
  (编译源文件“../../../src/Game/RandomizedPrim.cpp”)
  
G:\Sun\SunEngine\src\Math\MathUtils.h(142,16): warning C4244: “=”: 从“double”转换到“float”，可能丢失数据
  (编译源文件“../../../src/Game/RandomizedPrim.cpp”)
  
G:\Sun\SunEngine\src\Math\MathUtils.h(148,39): warning C4244: “参数”: 从“double”转换到“float”，可能丢失数据
  (编译源文件“../../../src/Game/RandomizedPrim.cpp”)
  
G:\Sun\SunEngine\src\Math\MathUtils.h(150,16): warning C4244: “=”: 从“double”转换到“float”，可能丢失数据
  (编译源文件“../../../src/Game/RandomizedPrim.cpp”)
  
G:\Sun\SunEngine\src\Math\MathUtils.h(156,39): warning C4244: “参数”: 从“double”转换到“float”，可能丢失数据
  (编译源文件“../../../src/Game/RandomizedPrim.cpp”)
  
G:\Sun\SunEngine\src\Math\MathUtils.h(159,16): warning C4244: “=”: 从“double”转换到“float”，可能丢失数据
  (编译源文件“../../../src/Game/RandomizedPrim.cpp”)
  
G:\Sun\SunEngine\src\Math\MathUtils.h(163,39): warning C4244: “参数”: 从“double”转换到“float”，可能丢失数据
  (编译源文件“../../../src/Game/RandomizedPrim.cpp”)
  
G:\Sun\SunEngine\src\Math\MathUtils.h(167,16): warning C4244: “=”: 从“double”转换到“float”，可能丢失数据
  (编译源文件“../../../src/Game/RandomizedPrim.cpp”)
  
G:\Sun\SunEngine\src\Game\RandomizedPrim.cpp(100,75): warning C4244: “参数”: 从“_Rep”转换到“unsigned int”，可能丢失数据
G:\Sun\SunEngine\src\Game\RandomizedPrim.cpp(100,75): warning C4244:         with
G:\Sun\SunEngine\src\Game\RandomizedPrim.cpp(100,75): warning C4244:         [
G:\Sun\SunEngine\src\Game\RandomizedPrim.cpp(100,75): warning C4244:             _Rep=__int64
G:\Sun\SunEngine\src\Game\RandomizedPrim.cpp(100,75): warning C4244:         ]
G:\Sun\SunEngine\src\Game\RandomizedPrim.cpp(109,10): warning C4244: “初始化”: 从“float”转换到“int”，可能丢失数据
G:\Sun\SunEngine\src\Game\RandomizedPrim.cpp(124,54): warning C4267: “=”: 从“size_t”转换到“int”，可能丢失数据
  正在生成代码...
  Game.vcxproj -> G:\Sun\SunEngine\myproj\Debug\Game.lib
