D:\Microsoft Visual Studio\2022\Community\MSBuild\Microsoft\VC\v170\Microsoft.CppBuild.targets(524,5): warning MSB8004: Output 目录未以斜杠结尾。  此生成实例将添加斜杠，因为必须有这个斜杠才能正确计算 Output 目录。
  buildin.cpp
G:\SunEngine__old\src\Math\MathUtils.h(141,18): warning C4244: “参数”: 从“double”转换到“float”，可能丢失数据
  (编译源文件“../../../src/BuildIn/buildin.cpp”)
  
G:\SunEngine__old\src\Math\MathUtils.h(142,16): warning C4244: “=”: 从“double”转换到“float”，可能丢失数据
  (编译源文件“../../../src/BuildIn/buildin.cpp”)
  
G:\SunEngine__old\src\Math\MathUtils.h(148,39): warning C4244: “参数”: 从“double”转换到“float”，可能丢失数据
  (编译源文件“../../../src/BuildIn/buildin.cpp”)
  
G:\SunEngine__old\src\Math\MathUtils.h(150,16): warning C4244: “=”: 从“double”转换到“float”，可能丢失数据
  (编译源文件“../../../src/BuildIn/buildin.cpp”)
  
G:\SunEngine__old\src\Math\MathUtils.h(156,39): warning C4244: “参数”: 从“double”转换到“float”，可能丢失数据
  (编译源文件“../../../src/BuildIn/buildin.cpp”)
  
G:\SunEngine__old\src\Math\MathUtils.h(159,16): warning C4244: “=”: 从“double”转换到“float”，可能丢失数据
  (编译源文件“../../../src/BuildIn/buildin.cpp”)
  
G:\SunEngine__old\src\Math\MathUtils.h(163,39): warning C4244: “参数”: 从“double”转换到“float”，可能丢失数据
  (编译源文件“../../../src/BuildIn/buildin.cpp”)
  
G:\SunEngine__old\src\Math\MathUtils.h(167,16): warning C4244: “=”: 从“double”转换到“float”，可能丢失数据
  (编译源文件“../../../src/BuildIn/buildin.cpp”)
  
G:\SunEngine__old\src\Math\Plane.h(15,39): warning C4806: “|”: 不安全操作: 从类型“bool”提升到类型“int”的值不能等于给定的常量
  (编译源文件“../../../src/BuildIn/buildin.cpp”)
  
G:\SunEngine__old\src\Math\Plane.h(15,39): warning C4554: “|”: 检查运算符优先级是否存在的可能的错误；使用括号阐明优先级
  (编译源文件“../../../src/BuildIn/buildin.cpp”)
  
G:\SunEngine__old\src\Math\Geometry.h(39,16): warning C4244: “return”: 从“int”转换到“float”，可能丢失数据
  (编译源文件“../../../src/BuildIn/buildin.cpp”)
  
G:\SunEngine__old\src\Assets\Animation.h(90,12): warning C4099: “Sun::Animation”: 类型名称以前使用“class”现在使用的是“struct”
  (编译源文件“../../../src/BuildIn/buildin.cpp”)
      G:\SunEngine__old\src\Assets\Animation.h(90,12):
      参见“Sun::Animation”的声明
  
G:\SunEngine__old\src\Entity\GameObject.h(249,12): warning C4099: “Sun::GameObjectCompare”: 类型名称以前使用“class”现在使用的是“struct”
  (编译源文件“../../../src/BuildIn/buildin.cpp”)
      G:\SunEngine__old\src\Entity\GameObject.h(249,12):
      参见“Sun::GameObjectCompare”的声明
  
G:\SunEngine__old\src\Component\CameraComponent.h(56,30): warning C4305: “初始化”: 从“double”到“const float”截断
  (编译源文件“../../../src/BuildIn/buildin.cpp”)
  
G:\SunEngine__old\src\Physics\BVH.h(86,26): warning C4244: “初始化”: 从“double”转换到“float”，可能丢失数据
  (编译源文件“../../../src/BuildIn/buildin.cpp”)
  
G:\SunEngine__old\src\Physics\DynamicHintTest.h(60,13): warning C4244: “初始化”: 从“double”转换到“float”，可能丢失数据
  (编译源文件“../../../src/BuildIn/buildin.cpp”)
  
G:\SunEngine__old\src\Physics\DynamicHintTest.h(96,13): warning C4244: “初始化”: 从“double”转换到“float”，可能丢失数据
  (编译源文件“../../../src/BuildIn/buildin.cpp”)
  
G:\SunEngine__old\src\BuildIn\buildin.cpp(58,56): warning C4267: “参数”: 从“size_t”转换到“Sun::uint32”，可能丢失数据
G:\SunEngine__old\src\BuildIn\buildin.cpp(76,110): warning C4267: “参数”: 从“size_t”转换到“Sun::uint32”，可能丢失数据
G:\SunEngine__old\src\BuildIn\buildin.cpp(109,17): warning C4267: “初始化”: 从“size_t”转换到“int”，可能丢失数据
G:\SunEngine__old\src\BuildIn\buildin.cpp(110,18): warning C4267: “初始化”: 从“size_t”转换到“int”，可能丢失数据
G:\SunEngine__old\src\BuildIn\buildin.cpp(219,53): warning C4554: “>>”: 检查运算符优先级是否存在的可能的错误；使用括号阐明优先级
G:\SunEngine__old\src\BuildIn\buildin.cpp(219,53): warning C4244: “参数”: 从“int”转换到“const float”，可能丢失数据
G:\SunEngine__old\src\BuildIn\buildin.cpp(229,50): warning C4554: “<<”: 检查运算符优先级是否存在的可能的错误；使用括号阐明优先级
G:\SunEngine__old\src\BuildIn\buildin.cpp(231,50): warning C4244: “参数”: 从“int”转换到“const float”，可能丢失数据
G:\SunEngine__old\src\BuildIn\buildin.cpp(380,39): warning C4267: “参数”: 从“size_t”转换到“_Ty”，可能丢失数据
G:\SunEngine__old\src\BuildIn\buildin.cpp(380,39): warning C4267:         with
G:\SunEngine__old\src\BuildIn\buildin.cpp(380,39): warning C4267:         [
G:\SunEngine__old\src\BuildIn\buildin.cpp(380,39): warning C4267:             _Ty=int
G:\SunEngine__old\src\BuildIn\buildin.cpp(380,39): warning C4267:         ]
G:\SunEngine__old\src\BuildIn\buildin.cpp(381,39): warning C4267: “参数”: 从“size_t”转换到“_Ty”，可能丢失数据
G:\SunEngine__old\src\BuildIn\buildin.cpp(381,39): warning C4267:         with
G:\SunEngine__old\src\BuildIn\buildin.cpp(381,39): warning C4267:         [
G:\SunEngine__old\src\BuildIn\buildin.cpp(381,39): warning C4267:             _Ty=int
G:\SunEngine__old\src\BuildIn\buildin.cpp(381,39): warning C4267:         ]
G:\SunEngine__old\src\BuildIn\buildin.cpp(382,39): warning C4267: “参数”: 从“size_t”转换到“_Ty”，可能丢失数据
G:\SunEngine__old\src\BuildIn\buildin.cpp(382,39): warning C4267:         with
G:\SunEngine__old\src\BuildIn\buildin.cpp(382,39): warning C4267:         [
G:\SunEngine__old\src\BuildIn\buildin.cpp(382,39): warning C4267:             _Ty=int
G:\SunEngine__old\src\BuildIn\buildin.cpp(382,39): warning C4267:         ]
G:\SunEngine__old\src\BuildIn\buildin.cpp(389,39): warning C4267: “参数”: 从“size_t”转换到“_Ty”，可能丢失数据
G:\SunEngine__old\src\BuildIn\buildin.cpp(389,39): warning C4267:         with
G:\SunEngine__old\src\BuildIn\buildin.cpp(389,39): warning C4267:         [
G:\SunEngine__old\src\BuildIn\buildin.cpp(389,39): warning C4267:             _Ty=int
G:\SunEngine__old\src\BuildIn\buildin.cpp(389,39): warning C4267:         ]
G:\SunEngine__old\src\BuildIn\buildin.cpp(390,39): warning C4267: “参数”: 从“size_t”转换到“_Ty”，可能丢失数据
G:\SunEngine__old\src\BuildIn\buildin.cpp(390,39): warning C4267:         with
G:\SunEngine__old\src\BuildIn\buildin.cpp(390,39): warning C4267:         [
G:\SunEngine__old\src\BuildIn\buildin.cpp(390,39): warning C4267:             _Ty=int
G:\SunEngine__old\src\BuildIn\buildin.cpp(390,39): warning C4267:         ]
G:\SunEngine__old\src\BuildIn\buildin.cpp(391,39): warning C4267: “参数”: 从“size_t”转换到“_Ty”，可能丢失数据
G:\SunEngine__old\src\BuildIn\buildin.cpp(391,39): warning C4267:         with
G:\SunEngine__old\src\BuildIn\buildin.cpp(391,39): warning C4267:         [
G:\SunEngine__old\src\BuildIn\buildin.cpp(391,39): warning C4267:             _Ty=int
G:\SunEngine__old\src\BuildIn\buildin.cpp(391,39): warning C4267:         ]
G:\SunEngine__old\src\BuildIn\buildin.cpp(411,42): warning C4267: “参数”: 从“size_t”转换到“_Ty”，可能丢失数据
G:\SunEngine__old\src\BuildIn\buildin.cpp(411,42): warning C4267:         with
G:\SunEngine__old\src\BuildIn\buildin.cpp(411,42): warning C4267:         [
G:\SunEngine__old\src\BuildIn\buildin.cpp(411,42): warning C4267:             _Ty=int
G:\SunEngine__old\src\BuildIn\buildin.cpp(411,42): warning C4267:         ]
G:\SunEngine__old\src\BuildIn\buildin.cpp(412,43): warning C4267: “参数”: 从“size_t”转换到“_Ty”，可能丢失数据
G:\SunEngine__old\src\BuildIn\buildin.cpp(412,43): warning C4267:         with
G:\SunEngine__old\src\BuildIn\buildin.cpp(412,43): warning C4267:         [
G:\SunEngine__old\src\BuildIn\buildin.cpp(412,43): warning C4267:             _Ty=int
G:\SunEngine__old\src\BuildIn\buildin.cpp(412,43): warning C4267:         ]
G:\SunEngine__old\src\BuildIn\buildin.cpp(413,43): warning C4267: “参数”: 从“size_t”转换到“_Ty”，可能丢失数据
G:\SunEngine__old\src\BuildIn\buildin.cpp(413,43): warning C4267:         with
G:\SunEngine__old\src\BuildIn\buildin.cpp(413,43): warning C4267:         [
G:\SunEngine__old\src\BuildIn\buildin.cpp(413,43): warning C4267:             _Ty=int
G:\SunEngine__old\src\BuildIn\buildin.cpp(413,43): warning C4267:         ]
G:\SunEngine__old\src\BuildIn\buildin.cpp(415,43): warning C4267: “参数”: 从“size_t”转换到“_Ty”，可能丢失数据
G:\SunEngine__old\src\BuildIn\buildin.cpp(415,43): warning C4267:         with
G:\SunEngine__old\src\BuildIn\buildin.cpp(415,43): warning C4267:         [
G:\SunEngine__old\src\BuildIn\buildin.cpp(415,43): warning C4267:             _Ty=int
G:\SunEngine__old\src\BuildIn\buildin.cpp(415,43): warning C4267:         ]
G:\SunEngine__old\src\BuildIn\buildin.cpp(416,43): warning C4267: “参数”: 从“size_t”转换到“_Ty”，可能丢失数据
G:\SunEngine__old\src\BuildIn\buildin.cpp(416,43): warning C4267:         with
G:\SunEngine__old\src\BuildIn\buildin.cpp(416,43): warning C4267:         [
G:\SunEngine__old\src\BuildIn\buildin.cpp(416,43): warning C4267:             _Ty=int
G:\SunEngine__old\src\BuildIn\buildin.cpp(416,43): warning C4267:         ]
G:\SunEngine__old\src\BuildIn\buildin.cpp(417,43): warning C4267: “参数”: 从“size_t”转换到“_Ty”，可能丢失数据
G:\SunEngine__old\src\BuildIn\buildin.cpp(417,43): warning C4267:         with
G:\SunEngine__old\src\BuildIn\buildin.cpp(417,43): warning C4267:         [
G:\SunEngine__old\src\BuildIn\buildin.cpp(417,43): warning C4267:             _Ty=int
G:\SunEngine__old\src\BuildIn\buildin.cpp(417,43): warning C4267:         ]
G:\SunEngine__old\src\BuildIn\buildin.cpp(468,20): warning C4244: “初始化”: 从“double”转换到“float”，可能丢失数据
G:\SunEngine__old\src\BuildIn\buildin.cpp(469,22): warning C4244: “初始化”: 从“double”转换到“float”，可能丢失数据
G:\SunEngine__old\src\BuildIn\buildin.cpp(470,23): warning C4244: “初始化”: 从“double”转换到“float”，可能丢失数据
G:\SunEngine__old\src\BuildIn\buildin.cpp(491,23): warning C4267: “初始化”: 从“size_t”转换到“int”，可能丢失数据
G:\SunEngine__old\src\BuildIn\buildin.cpp(495,36): warning C4244: “参数”: 从“int”转换到“const float”，可能丢失数据
G:\SunEngine__old\src\BuildIn\buildin.cpp(495,44): warning C4244: “参数”: 从“int”转换到“const float”，可能丢失数据
G:\SunEngine__old\src\BuildIn\buildin.cpp(495,52): warning C4244: “参数”: 从“int”转换到“const float”，可能丢失数据
G:\SunEngine__old\src\BuildIn\buildin.cpp(500,42): warning C4244: “=”: 从“double”转换到“float”，可能丢失数据
G:\SunEngine__old\src\BuildIn\buildin.cpp(533,32): warning C4244: “初始化”: 从“double”转换到“float”，可能丢失数据
G:\SunEngine__old\src\BuildIn\buildin.cpp(534,32): warning C4244: “初始化”: 从“double”转换到“float”，可能丢失数据
G:\SunEngine__old\src\BuildIn\buildin.cpp(535,32): warning C4244: “初始化”: 从“double”转换到“float”，可能丢失数据
G:\SunEngine__old\src\BuildIn\buildin.cpp(600,42): warning C4305: “参数”: 从“double”到“_T”截断
G:\SunEngine__old\src\BuildIn\buildin.cpp(600,42): warning C4305:         with
G:\SunEngine__old\src\BuildIn\buildin.cpp(600,42): warning C4305:         [
G:\SunEngine__old\src\BuildIn\buildin.cpp(600,42): warning C4305:             _T=float
G:\SunEngine__old\src\BuildIn\buildin.cpp(600,42): warning C4305:         ]
G:\SunEngine__old\src\BuildIn\buildin.cpp(691,82): warning C4305: “参数”: 从“double”到“_T”截断
G:\SunEngine__old\src\BuildIn\buildin.cpp(691,82): warning C4305:         with
G:\SunEngine__old\src\BuildIn\buildin.cpp(691,82): warning C4305:         [
G:\SunEngine__old\src\BuildIn\buildin.cpp(691,82): warning C4305:             _T=float
G:\SunEngine__old\src\BuildIn\buildin.cpp(691,82): warning C4305:         ]
G:\SunEngine__old\src\BuildIn\buildin.cpp(691,77): warning C4305: “参数”: 从“double”到“_T”截断
G:\SunEngine__old\src\BuildIn\buildin.cpp(691,77): warning C4305:         with
G:\SunEngine__old\src\BuildIn\buildin.cpp(691,77): warning C4305:         [
G:\SunEngine__old\src\BuildIn\buildin.cpp(691,77): warning C4305:             _T=float
G:\SunEngine__old\src\BuildIn\buildin.cpp(691,77): warning C4305:         ]
G:\SunEngine__old\src\BuildIn\buildin.cpp(691,72): warning C4305: “参数”: 从“double”到“_T”截断
G:\SunEngine__old\src\BuildIn\buildin.cpp(691,72): warning C4305:         with
G:\SunEngine__old\src\BuildIn\buildin.cpp(691,72): warning C4305:         [
G:\SunEngine__old\src\BuildIn\buildin.cpp(691,72): warning C4305:             _T=float
G:\SunEngine__old\src\BuildIn\buildin.cpp(691,72): warning C4305:         ]
G:\SunEngine__old\src\BuildIn\buildin.cpp(718,38): warning C4305: “参数”: 从“double”到“_T”截断
G:\SunEngine__old\src\BuildIn\buildin.cpp(718,38): warning C4305:         with
G:\SunEngine__old\src\BuildIn\buildin.cpp(718,38): warning C4305:         [
G:\SunEngine__old\src\BuildIn\buildin.cpp(718,38): warning C4305:             _T=float
G:\SunEngine__old\src\BuildIn\buildin.cpp(718,38): warning C4305:         ]
G:\SunEngine__old\src\Math\MathUtils.h(83,8): warning C4244: “初始化”: 从“T”转换到“float”，可能丢失数据
G:\SunEngine__old\src\Math\MathUtils.h(83,8): warning C4244:         with
G:\SunEngine__old\src\Math\MathUtils.h(83,8): warning C4244:         [
G:\SunEngine__old\src\Math\MathUtils.h(83,8): warning C4244:             T=double
G:\SunEngine__old\src\Math\MathUtils.h(83,8): warning C4244:         ]
  (编译源文件“../../../src/BuildIn/buildin.cpp”)
      G:\SunEngine__old\src\Math\MathUtils.h(83,8):
      模板实例化上下文(最早的实例化上下文)为
          G:\SunEngine__old\src\Physics\ClosestTest.h(57,13):
          查看对正在编译的函数 模板 实例化“T Sun::Math::upperBound<float,double>(const T &,double)”的引用
          with
          [
              T=float
          ]
  
G:\SunEngine__old\src\Math\MathUtils.h(94,8): warning C4244: “初始化”: 从“T”转换到“float”，可能丢失数据
G:\SunEngine__old\src\Math\MathUtils.h(94,8): warning C4244:         with
G:\SunEngine__old\src\Math\MathUtils.h(94,8): warning C4244:         [
G:\SunEngine__old\src\Math\MathUtils.h(94,8): warning C4244:             T=double
G:\SunEngine__old\src\Math\MathUtils.h(94,8): warning C4244:         ]
  (编译源文件“../../../src/BuildIn/buildin.cpp”)
      G:\SunEngine__old\src\Math\MathUtils.h(94,8):
      模板实例化上下文(最早的实例化上下文)为
          G:\SunEngine__old\src\Physics\ClosestTest.h(58,13):
          查看对正在编译的函数 模板 实例化“T Sun::Math::lowerBound<float,double>(const T &,double)”的引用
          with
          [
              T=float
          ]
  
G:\SunEngine__old\src\Math\Vector3D.h(77,91): warning C4244: “参数”: 从“float”转换到“_T”，可能丢失数据
G:\SunEngine__old\src\Math\Vector3D.h(77,91): warning C4244:         with
G:\SunEngine__old\src\Math\Vector3D.h(77,91): warning C4244:         [
G:\SunEngine__old\src\Math\Vector3D.h(77,91): warning C4244:             _T=int
G:\SunEngine__old\src\Math\Vector3D.h(77,91): warning C4244:         ]
  (编译源文件“../../../src/BuildIn/buildin.cpp”)
      G:\SunEngine__old\src\Math\Vector3D.h(77,91):
      模板实例化上下文(最早的实例化上下文)为
          G:\SunEngine__old\src\BuildIn\buildin.cpp(475,15):
          查看对正在编译的 类 模板 实例化“Sun::Vector3D<int>”的引用
          G:\SunEngine__old\src\Math\Vector3D.h(77,22):
          在编译 类 模板 成员函数“Sun::Vector3D<int> Sun::Vector3D<int>::operator *(const float) const”时
              G:\SunEngine__old\src\BuildIn\buildin.cpp(495,46):
              请参阅 "Sun::buildCuboid" 中对 "Sun::Vector3D<int>::operator *" 的第一个引用
  
G:\SunEngine__old\src\Math\Vector3D.h(77,84): warning C4244: “参数”: 从“float”转换到“_T”，可能丢失数据
G:\SunEngine__old\src\Math\Vector3D.h(77,84): warning C4244:         with
G:\SunEngine__old\src\Math\Vector3D.h(77,84): warning C4244:         [
G:\SunEngine__old\src\Math\Vector3D.h(77,84): warning C4244:             _T=int
G:\SunEngine__old\src\Math\Vector3D.h(77,84): warning C4244:         ]
  (编译源文件“../../../src/BuildIn/buildin.cpp”)
  
G:\SunEngine__old\src\Math\Vector3D.h(77,77): warning C4244: “参数”: 从“float”转换到“_T”，可能丢失数据
G:\SunEngine__old\src\Math\Vector3D.h(77,77): warning C4244:         with
G:\SunEngine__old\src\Math\Vector3D.h(77,77): warning C4244:         [
G:\SunEngine__old\src\Math\Vector3D.h(77,77): warning C4244:             _T=int
G:\SunEngine__old\src\Math\Vector3D.h(77,77): warning C4244:         ]
  (编译源文件“../../../src/BuildIn/buildin.cpp”)
  
  BuildIn.vcxproj -> G:\SunEngine__old\myproj\Debug\BuildIn.lib
