g:\sunengine__old\myproj\debug\component.pdb
g:\sunengine__old\myproj\src\component\component.dir\debug\lightcomponent.obj
g:\sunengine__old\myproj\src\component\component.dir\debug\lightcom.obj
g:\sunengine__old\myproj\src\component\component.dir\debug\instancedmeshcom.obj
g:\sunengine__old\myproj\src\component\component.dir\debug\inputcomponent.obj
g:\sunengine__old\myproj\src\component\component.dir\debug\icomponent.obj
g:\sunengine__old\myproj\src\component\component.dir\debug\hitablecomponent.obj
g:\sunengine__old\myproj\src\component\component.dir\debug\fluid2dcomponent.obj
g:\sunengine__old\myproj\src\component\component.dir\debug\equationcomponent.obj
g:\sunengine__old\myproj\src\component\component.dir\debug\directlightcomponent.obj
g:\sunengine__old\myproj\src\component\component.dir\debug\cubecomponent.obj
g:\sunengine__old\myproj\src\component\component.dir\debug\capsulecomponent.obj
g:\sunengine__old\myproj\src\component\component.dir\debug\cameracomponent.obj
g:\sunengine__old\myproj\src\component\component.dir\debug\bvspherecom.obj
g:\sunengine__old\myproj\src\component\component.dir\debug\bvcom.obj
g:\sunengine__old\myproj\src\component\component.dir\debug\brushcomponent.obj
g:\sunengine__old\myproj\src\component\component.dir\debug\boxcomponent.obj
g:\sunengine__old\myproj\src\component\component.dir\debug\audiocomponent.obj
g:\sunengine__old\myproj\src\component\component.dir\debug\animationcomponent.obj
g:\sunengine__old\myproj\src\component\component.dir\debug\actorcomponent.obj
g:\sunengine__old\myproj\src\component\component.dir\debug\aabbcom.obj
g:\sunengine__old\myproj\src\component\component.dir\debug\springarmcomponent.obj
g:\sunengine__old\myproj\src\component\component.dir\debug\spotlightcomponent.obj
g:\sunengine__old\myproj\src\component\component.dir\debug\spherecomponent.obj
g:\sunengine__old\myproj\src\component\component.dir\debug\skylightcomponent.obj
g:\sunengine__old\myproj\src\component\component.dir\debug\skinnedmeshcomponent.obj
g:\sunengine__old\myproj\src\component\component.dir\debug\skeletalmeshcomponent.obj
g:\sunengine__old\myproj\src\component\component.dir\debug\simpletransformcom.obj
g:\sunengine__old\myproj\src\component\component.dir\debug\simplematerialcom.obj
g:\sunengine__old\myproj\src\component\component.dir\debug\shapecomponent.obj
g:\sunengine__old\myproj\src\component\component.dir\debug\scenecomponent.obj
g:\sunengine__old\myproj\src\component\component.dir\debug\resource.obj
g:\sunengine__old\myproj\src\component\component.dir\debug\raytracingcomponent.obj
g:\sunengine__old\myproj\src\component\component.dir\debug\physicalstatecom.obj
g:\sunengine__old\myproj\src\component\component.dir\debug\pbrmaterialcom.obj
g:\sunengine__old\myproj\src\component\component.dir\debug\particlecomponent.obj
g:\sunengine__old\myproj\src\component\component.dir\debug\movementcomponent.obj
g:\sunengine__old\myproj\src\component\component.dir\debug\meshinterface.obj
g:\sunengine__old\myproj\src\component\component.dir\debug\meshcomponent.obj
g:\sunengine__old\myproj\src\component\component.dir\debug\materialcom.obj
g:\sunengine__old\myproj\src\component\component.dir\debug\lighttransformcom.obj
g:\sunengine__old\myproj\src\component\component.dir\debug\transformcom.obj
g:\sunengine__old\myproj\debug\component.lib
g:\sunengine__old\myproj\src\component\component.dir\debug\component.tlog\cl.command.1.tlog
g:\sunengine__old\myproj\src\component\component.dir\debug\component.tlog\cl.items.tlog
g:\sunengine__old\myproj\src\component\component.dir\debug\component.tlog\cl.read.1.tlog
g:\sunengine__old\myproj\src\component\component.dir\debug\component.tlog\cl.write.1.tlog
g:\sunengine__old\myproj\src\component\component.dir\debug\component.tlog\lib-link.read.1.tlog
g:\sunengine__old\myproj\src\component\component.dir\debug\component.tlog\lib-link.write.1.tlog
g:\sunengine__old\myproj\src\component\component.dir\debug\component.tlog\lib.command.1.tlog
