e:\git\testproj\sunengine\myproj\src\render\debug\render.pdb
g:\sunengine__old\myproj\src\render\render.dir\debug\texturebuilder.obj
g:\sunengine__old\myproj\src\render\render.dir\debug\surfacebuilder.obj
g:\sunengine__old\myproj\src\render\render.dir\debug\shadermgr.obj
g:\sunengine__old\myproj\src\render\render.dir\debug\rhi3.obj
g:\sunengine__old\myproj\src\render\render.dir\debug\graphicspipelinebuilder.obj
g:\sunengine__old\myproj\src\render\render.dir\debug\graphicspipeline.obj
g:\sunengine__old\myproj\src\render\render.dir\debug\contextbuilder.obj
g:\sunengine__old\myproj\src\render\render.dir\debug\vulkanmemory.obj
g:\sunengine__old\myproj\src\render\render.dir\debug\vulkanimageview.obj
g:\sunengine__old\myproj\src\render\render.dir\debug\vulkanimage.obj
g:\sunengine__old\myproj\src\render\render.dir\debug\vulkandescriptor.obj
g:\sunengine__old\myproj\src\render\render.dir\debug\vulkancommandbuffer.obj
g:\sunengine__old\myproj\src\render\render.dir\debug\nvprint.obj
g:\sunengine__old\myproj\src\render\render.dir\debug\vulkantexturebuilder.obj
g:\sunengine__old\myproj\src\render\render.dir\debug\vulkanswapchain.obj
g:\sunengine__old\myproj\src\render\render.dir\debug\vulkanqueuebuilder.obj
g:\sunengine__old\myproj\debug\render.pdb
g:\sunengine__old\myproj\src\render\render.dir\debug\rendercommandbuffer.obj
g:\sunengine__old\myproj\src\render\render.dir\debug\renderapi.obj
g:\sunengine__old\myproj\src\render\render.dir\debug\indexbuffer.obj
g:\sunengine__old\myproj\src\render\render.dir\debug\gtexture.obj
g:\sunengine__old\myproj\src\render\render.dir\debug\graphicsproxy.obj
g:\sunengine__old\myproj\src\render\render.dir\debug\graphicslibfactory.obj
g:\sunengine__old\myproj\src\render\render.dir\debug\graphicslib.obj
g:\sunengine__old\myproj\src\render\render.dir\debug\graphicscache.obj
g:\sunengine__old\myproj\src\render\render.dir\debug\gltexture.obj
g:\sunengine__old\myproj\src\render\render.dir\debug\glmacros.obj
g:\sunengine__old\myproj\src\render\render.dir\debug\vertexarray.obj
g:\sunengine__old\myproj\src\render\render.dir\debug\shadermodule.obj
g:\sunengine__old\myproj\src\render\render.dir\debug\glvertexbuffer.obj
g:\sunengine__old\myproj\src\render\render.dir\debug\glvertexarray.obj
g:\sunengine__old\myproj\src\render\render.dir\debug\glshader.obj
g:\sunengine__old\myproj\src\render\render.dir\debug\glprogram.obj
g:\sunengine__old\myproj\src\render\render.dir\debug\glindexbuffer.obj
g:\sunengine__old\myproj\src\render\render.dir\debug\glgraphicsproxy.obj
g:\sunengine__old\myproj\src\render\render.dir\debug\glgraphicslib.obj
g:\sunengine__old\myproj\src\render\render.dir\debug\glfunctions.obj
g:\sunengine__old\myproj\src\render\render.dir\debug\glenummap.obj
g:\sunengine__old\myproj\src\render\render.dir\debug\shadermanager.obj
g:\sunengine__old\myproj\src\render\render.dir\debug\shader.obj
g:\sunengine__old\myproj\src\render\render.dir\debug\rsi.obj
g:\sunengine__old\myproj\src\render\render.dir\debug\rhivulkansurfacebuilder.obj
g:\sunengine__old\myproj\src\render\render.dir\debug\rhisurfacebuilder.obj
g:\sunengine__old\myproj\src\render\render.dir\debug\rhiopenglsurfacebuilder.obj
g:\sunengine__old\myproj\src\render\render.dir\debug\rhi2_vulkan.obj
g:\sunengine__old\myproj\src\render\render.dir\debug\rhi2.obj
g:\sunengine__old\myproj\src\render\render.dir\debug\rh2_opengl.obj
g:\sunengine__old\myproj\src\render\render.dir\debug\renderblueprint.obj
g:\sunengine__old\myproj\src\render\render.dir\debug\graphicspipelinemgr.obj
g:\sunengine__old\myproj\src\render\render.dir\debug\rhi.obj
g:\sunengine__old\myproj\src\render\render.dir\debug\program.obj
g:\sunengine__old\myproj\src\render\render.dir\debug\vulkanphysicaldevicebuilder.obj
g:\sunengine__old\myproj\src\render\render.dir\debug\vulkangraphicspipelinebuilder.obj
g:\sunengine__old\myproj\src\render\render.dir\debug\vulkandevicebuilder.obj
g:\sunengine__old\myproj\src\render\render.dir\debug\swapchain_vk.obj
g:\sunengine__old\myproj\src\render\render.dir\debug\stagingmemorymanager_vk.obj
g:\sunengine__old\myproj\src\render\render.dir\debug\samplers_vk.obj
g:\sunengine__old\myproj\src\render\render.dir\debug\resourceallocator_vk.obj
g:\sunengine__old\myproj\src\render\render.dir\debug\memorymanagement_vk.obj
g:\sunengine__old\myproj\src\render\render.dir\debug\memallocator_vk.obj
g:\sunengine__old\myproj\src\render\render.dir\debug\memallocator_dedicated_vk.obj
g:\sunengine__old\myproj\src\render\render.dir\debug\images_vk.obj
g:\sunengine__old\myproj\src\render\render.dir\debug\error_vk.obj
g:\sunengine__old\myproj\src\render\render.dir\debug\debug_util_vk.obj
g:\sunengine__old\myproj\src\render\render.dir\debug\buffersuballocator_vk.obj
g:\sunengine__old\myproj\src\render\render.dir\debug\myvulkanwin32.obj
g:\sunengine__old\myproj\src\render\render.dir\debug\vertexbuffer.obj
g:\sunengine__old\myproj\src\render\render.dir\debug\utils.obj
g:\sunengine__old\myproj\src\render\render.dir\debug\vulkansurfacebuilder.obj
g:\sunengine__old\myproj\src\render\render.dir\debug\vulkanshadermgr.obj
g:\sunengine__old\myproj\src\render\render.dir\debug\vulkanrhi.obj
g:\sunengine__old\myproj\src\render\render.dir\debug\vulkaninstancebuilder.obj
g:\sunengine__old\myproj\src\render\render.dir\debug\vulkangraphicslib.obj
g:\sunengine__old\myproj\src\render\render.dir\debug\glad.obj
g:\sunengine__old\myproj\debug\render.lib
g:\sunengine__old\myproj\src\render\render.dir\debug\render.tlog\cl.command.1.tlog
g:\sunengine__old\myproj\src\render\render.dir\debug\render.tlog\cl.items.tlog
g:\sunengine__old\myproj\src\render\render.dir\debug\render.tlog\cl.read.1.tlog
g:\sunengine__old\myproj\src\render\render.dir\debug\render.tlog\cl.write.1.tlog
g:\sunengine__old\myproj\src\render\render.dir\debug\render.tlog\lib-link.read.1.tlog
g:\sunengine__old\myproj\src\render\render.dir\debug\render.tlog\lib-link.write.1.tlog
g:\sunengine__old\myproj\src\render\render.dir\debug\render.tlog\lib.command.1.tlog
