D:\Microsoft Visual Studio\2022\Community\MSBuild\Current\Bin\amd64\Microsoft.Common.CurrentVersion.targets(2189,5): warning MSB9008: 引用的项目 E:\GIT\testproj\SunEngine\myproj\ZERO_CHECK.vcxproj 不存在。
D:\Microsoft Visual Studio\2022\Community\MSBuild\Microsoft\VC\v170\Microsoft.CppBuild.targets(524,5): warning MSB8004: Output 目录未以斜杠结尾。  此生成实例将添加斜杠，因为必须有这个斜杠才能正确计算 Output 目录。
  GlfwIO.cpp
G:\Sun\SunEngine\src\Math\MathUtils.h(141,18): warning C4244: “参数”: 从“double”转换到“float”，可能丢失数据
  (编译源文件“../../../src/Platform/GlfwIO.cpp”)
  
G:\Sun\SunEngine\src\Math\MathUtils.h(142,16): warning C4244: “=”: 从“double”转换到“float”，可能丢失数据
  (编译源文件“../../../src/Platform/GlfwIO.cpp”)
  
G:\Sun\SunEngine\src\Math\MathUtils.h(148,39): warning C4244: “参数”: 从“double”转换到“float”，可能丢失数据
  (编译源文件“../../../src/Platform/GlfwIO.cpp”)
  
G:\Sun\SunEngine\src\Math\MathUtils.h(150,16): warning C4244: “=”: 从“double”转换到“float”，可能丢失数据
  (编译源文件“../../../src/Platform/GlfwIO.cpp”)
  
G:\Sun\SunEngine\src\Math\MathUtils.h(156,39): warning C4244: “参数”: 从“double”转换到“float”，可能丢失数据
  (编译源文件“../../../src/Platform/GlfwIO.cpp”)
  
G:\Sun\SunEngine\src\Math\MathUtils.h(159,16): warning C4244: “=”: 从“double”转换到“float”，可能丢失数据
  (编译源文件“../../../src/Platform/GlfwIO.cpp”)
  
G:\Sun\SunEngine\src\Math\MathUtils.h(163,39): warning C4244: “参数”: 从“double”转换到“float”，可能丢失数据
  (编译源文件“../../../src/Platform/GlfwIO.cpp”)
  
G:\Sun\SunEngine\src\Math\MathUtils.h(167,16): warning C4244: “=”: 从“double”转换到“float”，可能丢失数据
  (编译源文件“../../../src/Platform/GlfwIO.cpp”)
  
G:\Sun\SunEngine\src\ThirdParty\glfw\glfw3.h(1235,16): warning C4099: “GLFWwindow”: 类型名称以前使用“class”现在使用的是“struct”
  (编译源文件“../../../src/Platform/GlfwIO.cpp”)
      G:\Sun\SunEngine\src\Platform\PlatformIO.h(21,7):
      参见“GLFWwindow”的声明
  
C:\Program Files (x86)\Windows Kits\10\Include\10.0.26100.0\shared\minwindef.h(130,9): warning C4005: “APIENTRY”: 宏重定义
  (编译源文件“../../../src/Platform/GlfwIO.cpp”)
      G:\Sun\SunEngine\src\ThirdParty\glfw\glad\glad.h(32,9):
      参见“APIENTRY”的前一个定义
  
G:\Sun\SunEngine\src\Platform\GlfwIO.cpp(109,26): warning C4244: “=”: 从“double”转换到“float”，可能丢失数据
G:\Sun\SunEngine\src\Platform\GlfwIO.cpp(110,26): warning C4244: “=”: 从“double”转换到“float”，可能丢失数据
G:\Sun\SunEngine\src\Platform\GlfwIO.cpp(116,23): warning C4244: “初始化”: 从“double”转换到“float”，可能丢失数据
G:\Sun\SunEngine\src\Platform\GlfwIO.cpp(118,23): warning C4244: “初始化”: 从“double”转换到“float”，可能丢失数据
G:\Sun\SunEngine\src\Platform\GlfwIO.cpp(119,22): warning C4244: “=”: 从“double”转换到“float”，可能丢失数据
G:\Sun\SunEngine\src\Platform\GlfwIO.cpp(120,22): warning C4244: “=”: 从“double”转换到“float”，可能丢失数据
G:\Sun\SunEngine\src\Platform\GlfwIO.cpp(124,20): warning C4244: “=”: 从“float”转换到“int”，可能丢失数据
G:\Sun\SunEngine\src\Platform\GlfwIO.cpp(125,21): warning C4244: “=”: 从“float”转换到“int”，可能丢失数据
  PlatformIO.cpp
G:\Sun\SunEngine\src\Math\MathUtils.h(141,18): warning C4244: “参数”: 从“double”转换到“float”，可能丢失数据
  (编译源文件“../../../src/Platform/PlatformIO.cpp”)
  
G:\Sun\SunEngine\src\Math\MathUtils.h(142,16): warning C4244: “=”: 从“double”转换到“float”，可能丢失数据
  (编译源文件“../../../src/Platform/PlatformIO.cpp”)
  
G:\Sun\SunEngine\src\Math\MathUtils.h(148,39): warning C4244: “参数”: 从“double”转换到“float”，可能丢失数据
  (编译源文件“../../../src/Platform/PlatformIO.cpp”)
  
G:\Sun\SunEngine\src\Math\MathUtils.h(150,16): warning C4244: “=”: 从“double”转换到“float”，可能丢失数据
  (编译源文件“../../../src/Platform/PlatformIO.cpp”)
  
G:\Sun\SunEngine\src\Math\MathUtils.h(156,39): warning C4244: “参数”: 从“double”转换到“float”，可能丢失数据
  (编译源文件“../../../src/Platform/PlatformIO.cpp”)
  
G:\Sun\SunEngine\src\Math\MathUtils.h(159,16): warning C4244: “=”: 从“double”转换到“float”，可能丢失数据
  (编译源文件“../../../src/Platform/PlatformIO.cpp”)
  
G:\Sun\SunEngine\src\Math\MathUtils.h(163,39): warning C4244: “参数”: 从“double”转换到“float”，可能丢失数据
  (编译源文件“../../../src/Platform/PlatformIO.cpp”)
  
G:\Sun\SunEngine\src\Math\MathUtils.h(167,16): warning C4244: “=”: 从“double”转换到“float”，可能丢失数据
  (编译源文件“../../../src/Platform/PlatformIO.cpp”)
  
  PlatformMisc.cpp
  WinIO.cpp
G:\Sun\SunEngine\src\Math\MathUtils.h(141,18): warning C4244: “参数”: 从“double”转换到“float”，可能丢失数据
  (编译源文件“../../../src/Platform/WinIO.cpp”)
  
G:\Sun\SunEngine\src\Math\MathUtils.h(142,16): warning C4244: “=”: 从“double”转换到“float”，可能丢失数据
  (编译源文件“../../../src/Platform/WinIO.cpp”)
  
G:\Sun\SunEngine\src\Math\MathUtils.h(148,39): warning C4244: “参数”: 从“double”转换到“float”，可能丢失数据
  (编译源文件“../../../src/Platform/WinIO.cpp”)
  
G:\Sun\SunEngine\src\Math\MathUtils.h(150,16): warning C4244: “=”: 从“double”转换到“float”，可能丢失数据
  (编译源文件“../../../src/Platform/WinIO.cpp”)
  
G:\Sun\SunEngine\src\Math\MathUtils.h(156,39): warning C4244: “参数”: 从“double”转换到“float”，可能丢失数据
  (编译源文件“../../../src/Platform/WinIO.cpp”)
  
G:\Sun\SunEngine\src\Math\MathUtils.h(159,16): warning C4244: “=”: 从“double”转换到“float”，可能丢失数据
  (编译源文件“../../../src/Platform/WinIO.cpp”)
  
G:\Sun\SunEngine\src\Math\MathUtils.h(163,39): warning C4244: “参数”: 从“double”转换到“float”，可能丢失数据
  (编译源文件“../../../src/Platform/WinIO.cpp”)
  
G:\Sun\SunEngine\src\Math\MathUtils.h(167,16): warning C4244: “=”: 从“double”转换到“float”，可能丢失数据
  (编译源文件“../../../src/Platform/WinIO.cpp”)
  
G:\Sun\SunEngine\src\Assets\Animation.h(90,12): warning C4099: “Sun::Animation”: 类型名称以前使用“class”现在使用的是“struct”
  (编译源文件“../../../src/Platform/WinIO.cpp”)
      G:\Sun\SunEngine\src\Assets\Animation.h(90,12):
      参见“Sun::Animation”的声明
  
G:\Sun\SunEngine\src\Platform\WinIO.cpp(219,31): warning C4244: “参数”: 从“LPARAM”转换到“int”，可能丢失数据
G:\Sun\SunEngine\src\Platform\WinIO.cpp(230,31): warning C4244: “参数”: 从“LPARAM”转换到“int”，可能丢失数据
G:\Sun\SunEngine\src\Platform\WinIO.cpp(240,24): warning C4244: “=”: 从“WPARAM”转换到“int”，可能丢失数据
G:\Sun\SunEngine\src\Platform\WinIO.cpp(283,24): warning C4244: “初始化”: 从“double”转换到“int”，可能丢失数据
G:\Sun\SunEngine\src\Platform\WinIO.cpp(294,22): warning C4244: “初始化”: 从“double”转换到“int”，可能丢失数据
  正在生成代码...
  Platform.vcxproj -> G:\Sun\SunEngine\myproj\Debug\Platform.lib
