D:\Microsoft Visual Studio\2022\Community\MSBuild\Current\Bin\amd64\Microsoft.Common.CurrentVersion.targets(2189,5): warning MSB9008: 引用的项目 E:\GIT\testproj\SunEngine\myproj\ZERO_CHECK.vcxproj 不存在。
D:\Microsoft Visual Studio\2022\Community\MSBuild\Microsoft\VC\v170\Microsoft.CppBuild.targets(524,5): warning MSB8004: Output 目录未以斜杠结尾。  此生成实例将添加斜杠，因为必须有这个斜杠才能正确计算 Output 目录。
  Animation.cpp
G:\Sun\SunEngine\src\Math\MathUtils.h(141,18): warning C4244: “参数”: 从“double”转换到“float”，可能丢失数据
  (编译源文件“../../../src/Assets/Animation.cpp”)
  
G:\Sun\SunEngine\src\Math\MathUtils.h(142,16): warning C4244: “=”: 从“double”转换到“float”，可能丢失数据
  (编译源文件“../../../src/Assets/Animation.cpp”)
  
G:\Sun\SunEngine\src\Math\MathUtils.h(148,39): warning C4244: “参数”: 从“double”转换到“float”，可能丢失数据
  (编译源文件“../../../src/Assets/Animation.cpp”)
  
G:\Sun\SunEngine\src\Math\MathUtils.h(150,16): warning C4244: “=”: 从“double”转换到“float”，可能丢失数据
  (编译源文件“../../../src/Assets/Animation.cpp”)
  
G:\Sun\SunEngine\src\Math\MathUtils.h(156,39): warning C4244: “参数”: 从“double”转换到“float”，可能丢失数据
  (编译源文件“../../../src/Assets/Animation.cpp”)
  
G:\Sun\SunEngine\src\Math\MathUtils.h(159,16): warning C4244: “=”: 从“double”转换到“float”，可能丢失数据
  (编译源文件“../../../src/Assets/Animation.cpp”)
  
G:\Sun\SunEngine\src\Math\MathUtils.h(163,39): warning C4244: “参数”: 从“double”转换到“float”，可能丢失数据
  (编译源文件“../../../src/Assets/Animation.cpp”)
  
G:\Sun\SunEngine\src\Math\MathUtils.h(167,16): warning C4244: “=”: 从“double”转换到“float”，可能丢失数据
  (编译源文件“../../../src/Assets/Animation.cpp”)
  
G:\Sun\SunEngine\src\Math\MathUtils.h(111,36): warning C4244: “参数”: 从“double”转换到“const float”，可能丢失数据
  (编译源文件“../../../src/Assets/Animation.cpp”)
      G:\Sun\SunEngine\src\Math\MathUtils.h(111,36):
      模板实例化上下文(最早的实例化上下文)为
          G:\Sun\SunEngine\src\Assets\Animation.cpp(46,33):
          查看对正在编译的函数 模板 实例化“Sun::VectorKey Sun::Math::interpolate_linear<float,std::_Vector_iterator<std::_Vector_val<std::_Simple_types<_Ty>>>>(_Iter,_Iter,const _Key &)”的引用
          with
          [
              _Ty=Sun::VectorKey,
              _Iter=std::_Vector_iterator<std::_Vector_val<std::_Simple_types<Sun::VectorKey>>>,
              _Key=float
          ]
  
G:\Sun\SunEngine\src\Math\MathUtils.h(111,63): warning C4244: “参数”: 从“double”转换到“const float”，可能丢失数据
  (编译源文件“../../../src/Assets/Animation.cpp”)
  
  Archive.cpp
  Assets.cpp
  AssetsMgr.cpp
G:\Sun\SunEngine\src\Math\MathUtils.h(141,18): warning C4244: “参数”: 从“double”转换到“float”，可能丢失数据
  (编译源文件“../../../src/Assets/AssetsMgr.cpp”)
  
G:\Sun\SunEngine\src\Math\MathUtils.h(142,16): warning C4244: “=”: 从“double”转换到“float”，可能丢失数据
  (编译源文件“../../../src/Assets/AssetsMgr.cpp”)
  
G:\Sun\SunEngine\src\Math\MathUtils.h(148,39): warning C4244: “参数”: 从“double”转换到“float”，可能丢失数据
  (编译源文件“../../../src/Assets/AssetsMgr.cpp”)
  
G:\Sun\SunEngine\src\Math\MathUtils.h(150,16): warning C4244: “=”: 从“double”转换到“float”，可能丢失数据
  (编译源文件“../../../src/Assets/AssetsMgr.cpp”)
  
G:\Sun\SunEngine\src\Math\MathUtils.h(156,39): warning C4244: “参数”: 从“double”转换到“float”，可能丢失数据
  (编译源文件“../../../src/Assets/AssetsMgr.cpp”)
  
G:\Sun\SunEngine\src\Math\MathUtils.h(159,16): warning C4244: “=”: 从“double”转换到“float”，可能丢失数据
  (编译源文件“../../../src/Assets/AssetsMgr.cpp”)
  
G:\Sun\SunEngine\src\Math\MathUtils.h(163,39): warning C4244: “参数”: 从“double”转换到“float”，可能丢失数据
  (编译源文件“../../../src/Assets/AssetsMgr.cpp”)
  
G:\Sun\SunEngine\src\Math\MathUtils.h(167,16): warning C4244: “=”: 从“double”转换到“float”，可能丢失数据
  (编译源文件“../../../src/Assets/AssetsMgr.cpp”)
  
G:\Sun\SunEngine\src\Assets\Animation.h(90,12): warning C4099: “Sun::Animation”: 类型名称以前使用“class”现在使用的是“struct”
  (编译源文件“../../../src/Assets/AssetsMgr.cpp”)
      G:\Sun\SunEngine\src\Assets\Animation.h(90,12):
      参见“Sun::Animation”的声明
  
  HandleMgr.cpp
  Joint.cpp
  LODModel.cpp
  ResourceManager.cpp
  SkeletalMesh.cpp
G:\Sun\SunEngine\src\Math\MathUtils.h(141,18): warning C4244: “参数”: 从“double”转换到“float”，可能丢失数据
  (编译源文件“../../../src/Assets/SkeletalMesh.cpp”)
  
G:\Sun\SunEngine\src\Math\MathUtils.h(142,16): warning C4244: “=”: 从“double”转换到“float”，可能丢失数据
  (编译源文件“../../../src/Assets/SkeletalMesh.cpp”)
  
G:\Sun\SunEngine\src\Math\MathUtils.h(148,39): warning C4244: “参数”: 从“double”转换到“float”，可能丢失数据
  (编译源文件“../../../src/Assets/SkeletalMesh.cpp”)
  
G:\Sun\SunEngine\src\Math\MathUtils.h(150,16): warning C4244: “=”: 从“double”转换到“float”，可能丢失数据
  (编译源文件“../../../src/Assets/SkeletalMesh.cpp”)
  
G:\Sun\SunEngine\src\Math\MathUtils.h(156,39): warning C4244: “参数”: 从“double”转换到“float”，可能丢失数据
  (编译源文件“../../../src/Assets/SkeletalMesh.cpp”)
  
G:\Sun\SunEngine\src\Math\MathUtils.h(159,16): warning C4244: “=”: 从“double”转换到“float”，可能丢失数据
  (编译源文件“../../../src/Assets/SkeletalMesh.cpp”)
  
G:\Sun\SunEngine\src\Math\MathUtils.h(163,39): warning C4244: “参数”: 从“double”转换到“float”，可能丢失数据
  (编译源文件“../../../src/Assets/SkeletalMesh.cpp”)
  
G:\Sun\SunEngine\src\Math\MathUtils.h(167,16): warning C4244: “=”: 从“double”转换到“float”，可能丢失数据
  (编译源文件“../../../src/Assets/SkeletalMesh.cpp”)
  
  SkeletalMeshSection.cpp
G:\Sun\SunEngine\src\Math\MathUtils.h(141,18): warning C4244: “参数”: 从“double”转换到“float”，可能丢失数据
  (编译源文件“../../../src/Assets/SkeletalMeshSection.cpp”)
  
G:\Sun\SunEngine\src\Math\MathUtils.h(142,16): warning C4244: “=”: 从“double”转换到“float”，可能丢失数据
  (编译源文件“../../../src/Assets/SkeletalMeshSection.cpp”)
  
G:\Sun\SunEngine\src\Math\MathUtils.h(148,39): warning C4244: “参数”: 从“double”转换到“float”，可能丢失数据
  (编译源文件“../../../src/Assets/SkeletalMeshSection.cpp”)
  
G:\Sun\SunEngine\src\Math\MathUtils.h(150,16): warning C4244: “=”: 从“double”转换到“float”，可能丢失数据
  (编译源文件“../../../src/Assets/SkeletalMeshSection.cpp”)
  
G:\Sun\SunEngine\src\Math\MathUtils.h(156,39): warning C4244: “参数”: 从“double”转换到“float”，可能丢失数据
  (编译源文件“../../../src/Assets/SkeletalMeshSection.cpp”)
  
G:\Sun\SunEngine\src\Math\MathUtils.h(159,16): warning C4244: “=”: 从“double”转换到“float”，可能丢失数据
  (编译源文件“../../../src/Assets/SkeletalMeshSection.cpp”)
  
G:\Sun\SunEngine\src\Math\MathUtils.h(163,39): warning C4244: “参数”: 从“double”转换到“float”，可能丢失数据
  (编译源文件“../../../src/Assets/SkeletalMeshSection.cpp”)
  
G:\Sun\SunEngine\src\Math\MathUtils.h(167,16): warning C4244: “=”: 从“double”转换到“float”，可能丢失数据
  (编译源文件“../../../src/Assets/SkeletalMeshSection.cpp”)
  
  SkeletalMeshSocket.cpp
G:\Sun\SunEngine\src\Math\MathUtils.h(141,18): warning C4244: “参数”: 从“double”转换到“float”，可能丢失数据
  (编译源文件“../../../src/Assets/SkeletalMeshSocket.cpp”)
  
G:\Sun\SunEngine\src\Math\MathUtils.h(142,16): warning C4244: “=”: 从“double”转换到“float”，可能丢失数据
  (编译源文件“../../../src/Assets/SkeletalMeshSocket.cpp”)
  
G:\Sun\SunEngine\src\Math\MathUtils.h(148,39): warning C4244: “参数”: 从“double”转换到“float”，可能丢失数据
  (编译源文件“../../../src/Assets/SkeletalMeshSocket.cpp”)
  
G:\Sun\SunEngine\src\Math\MathUtils.h(150,16): warning C4244: “=”: 从“double”转换到“float”，可能丢失数据
  (编译源文件“../../../src/Assets/SkeletalMeshSocket.cpp”)
  
G:\Sun\SunEngine\src\Math\MathUtils.h(156,39): warning C4244: “参数”: 从“double”转换到“float”，可能丢失数据
  (编译源文件“../../../src/Assets/SkeletalMeshSocket.cpp”)
  
G:\Sun\SunEngine\src\Math\MathUtils.h(159,16): warning C4244: “=”: 从“double”转换到“float”，可能丢失数据
  (编译源文件“../../../src/Assets/SkeletalMeshSocket.cpp”)
  
G:\Sun\SunEngine\src\Math\MathUtils.h(163,39): warning C4244: “参数”: 从“double”转换到“float”，可能丢失数据
  (编译源文件“../../../src/Assets/SkeletalMeshSocket.cpp”)
  
G:\Sun\SunEngine\src\Math\MathUtils.h(167,16): warning C4244: “=”: 从“double”转换到“float”，可能丢失数据
  (编译源文件“../../../src/Assets/SkeletalMeshSocket.cpp”)
  
  Skeleton.cpp
G:\Sun\SunEngine\src\Math\MathUtils.h(141,18): warning C4244: “参数”: 从“double”转换到“float”，可能丢失数据
  (编译源文件“../../../src/Assets/Skeleton.cpp”)
  
G:\Sun\SunEngine\src\Math\MathUtils.h(142,16): warning C4244: “=”: 从“double”转换到“float”，可能丢失数据
  (编译源文件“../../../src/Assets/Skeleton.cpp”)
  
G:\Sun\SunEngine\src\Math\MathUtils.h(148,39): warning C4244: “参数”: 从“double”转换到“float”，可能丢失数据
  (编译源文件“../../../src/Assets/Skeleton.cpp”)
  
G:\Sun\SunEngine\src\Math\MathUtils.h(150,16): warning C4244: “=”: 从“double”转换到“float”，可能丢失数据
  (编译源文件“../../../src/Assets/Skeleton.cpp”)
  
G:\Sun\SunEngine\src\Math\MathUtils.h(156,39): warning C4244: “参数”: 从“double”转换到“float”，可能丢失数据
  (编译源文件“../../../src/Assets/Skeleton.cpp”)
  
G:\Sun\SunEngine\src\Math\MathUtils.h(159,16): warning C4244: “=”: 从“double”转换到“float”，可能丢失数据
  (编译源文件“../../../src/Assets/Skeleton.cpp”)
  
G:\Sun\SunEngine\src\Math\MathUtils.h(163,39): warning C4244: “参数”: 从“double”转换到“float”，可能丢失数据
  (编译源文件“../../../src/Assets/Skeleton.cpp”)
  
G:\Sun\SunEngine\src\Math\MathUtils.h(167,16): warning C4244: “=”: 从“double”转换到“float”，可能丢失数据
  (编译源文件“../../../src/Assets/Skeleton.cpp”)
  
G:\Sun\SunEngine\src\Assets\Animation.h(90,12): warning C4099: “Sun::Animation”: 类型名称以前使用“class”现在使用的是“struct”
  (编译源文件“../../../src/Assets/Skeleton.cpp”)
      G:\Sun\SunEngine\src\Assets\Animation.h(90,12):
      参见“Sun::Animation”的声明
  
G:\Sun\SunEngine\src\Entity\GameObject.h(249,12): warning C4099: “Sun::GameObjectCompare”: 类型名称以前使用“class”现在使用的是“struct”
  (编译源文件“../../../src/Assets/Skeleton.cpp”)
      G:\Sun\SunEngine\src\Entity\GameObject.h(249,12):
      参见“Sun::GameObjectCompare”的声明
  
G:\Sun\SunEngine\src\Assets\Skeleton.cpp(11,57): warning C4267: “参数”: 从“size_t”转换到“int”，可能丢失数据
G:\Sun\SunEngine\src\Assets\Skeleton.cpp(22,57): warning C4267: “参数”: 从“size_t”转换到“int”，可能丢失数据
G:\Sun\SunEngine\src\Assets\Skeleton.cpp(90,68): warning C4267: “参数”: 从“size_t”转换到“const _Ty”，可能丢失数据
G:\Sun\SunEngine\src\Assets\Skeleton.cpp(90,68): warning C4267:         with
G:\Sun\SunEngine\src\Assets\Skeleton.cpp(90,68): warning C4267:         [
G:\Sun\SunEngine\src\Assets\Skeleton.cpp(90,68): warning C4267:             _Ty=int
G:\Sun\SunEngine\src\Assets\Skeleton.cpp(90,68): warning C4267:         ]
G:\Sun\SunEngine\src\Assets\Skeleton.cpp(90,43): warning C4267: “参数”: 从“size_t”转换到“const _Ty”，可能丢失数据
G:\Sun\SunEngine\src\Assets\Skeleton.cpp(90,43): warning C4267:         with
G:\Sun\SunEngine\src\Assets\Skeleton.cpp(90,43): warning C4267:         [
G:\Sun\SunEngine\src\Assets\Skeleton.cpp(90,43): warning C4267:             _Ty=int
G:\Sun\SunEngine\src\Assets\Skeleton.cpp(90,43): warning C4267:         ]
D:\Microsoft Visual Studio\2022\Community\VC\Tools\MSVC\14.44.35207\include\utility(303,61): warning C4267: “初始化”: 从“size_t”转换到“_Ty2”，可能丢失数据
D:\Microsoft Visual Studio\2022\Community\VC\Tools\MSVC\14.44.35207\include\utility(303,61): warning C4267:         with
D:\Microsoft Visual Studio\2022\Community\VC\Tools\MSVC\14.44.35207\include\utility(303,61): warning C4267:         [
D:\Microsoft Visual Studio\2022\Community\VC\Tools\MSVC\14.44.35207\include\utility(303,61): warning C4267:             _Ty2=int
D:\Microsoft Visual Studio\2022\Community\VC\Tools\MSVC\14.44.35207\include\utility(303,61): warning C4267:         ]
  (编译源文件“../../../src/Assets/Skeleton.cpp”)
      D:\Microsoft Visual Studio\2022\Community\VC\Tools\MSVC\14.44.35207\include\utility(303,61):
      模板实例化上下文(最早的实例化上下文)为
          G:\Sun\SunEngine\src\Assets\Skeleton.cpp(15,19):
          查看对正在编译的函数 模板 实例化“std::pair<std::_Tree_iterator<std::_Tree_val<std::_Tree_simple_types<std::pair<const int,int>>>>,bool> std::map<int,int,std::less<int>,std::allocator<std::pair<const int,int>>>::insert<std::pair<int,unsigned __int64>,0>(_Valty &&)”的引用
          with
          [
              _Valty=std::pair<int,unsigned __int64>
          ]
              G:\Sun\SunEngine\src\Assets\Skeleton.cpp(15,25):
              请参阅 "Sun::Skeleton::addJoint" 中对 "std::map<int,int,std::less<int>,std::allocator<std::pair<const int,int>>>::insert" 的第一个引用
          D:\Microsoft Visual Studio\2022\Community\VC\Tools\MSVC\14.44.35207\include\map(186,22):
          查看对正在编译的函数 模板 实例化“std::pair<std::_Tree_iterator<std::_Tree_val<std::_Tree_simple_types<std::pair<const int,int>>>>,bool> std::_Tree<std::_Tmap_traits<_Kty,_Ty,_Pr,_Alloc,false>>::emplace<std::pair<int,unsigned __int64>>(std::pair<int,unsigned __int64> &&)”的引用
          with
          [
              _Kty=int,
              _Ty=int,
              _Pr=std::less<int>,
              _Alloc=std::allocator<std::pair<const int,int>>
          ]
          D:\Microsoft Visual Studio\2022\Community\VC\Tools\MSVC\14.44.35207\include\xtree(1048,30):
          查看对正在编译的函数 模板 实例化“std::pair<std::_Tree_node<std::pair<const int,int>,std::_Default_allocator_traits<_Alloc>::void_pointer> *,bool> std::_Tree<std::_Tmap_traits<_Kty,_Ty,_Pr,_Alloc,false>>::_Emplace<std::pair<int,unsigned __int64>>(std::pair<int,unsigned __int64> &&)”的引用
          with
          [
              _Alloc=std::allocator<std::pair<const int,int>>,
              _Kty=int,
              _Ty=int,
              _Pr=std::less<int>
          ]
          D:\Microsoft Visual Studio\2022\Community\VC\Tools\MSVC\14.44.35207\include\xtree(1023,49):
          查看对正在编译的函数 模板 实例化“std::_Tree_temp_node<std::allocator<std::_Tree_node<std::pair<const int,int>,std::_Default_allocator_traits<_Alloc>::void_pointer>>>::_Tree_temp_node<_Ty>(_Alnode &,std::_Tree_node<std::pair<const int,int>,std::_Default_allocator_traits<_Alloc>::void_pointer> *,_Ty &&)”的引用
          with
          [
              _Alloc=std::allocator<std::pair<const int,int>>,
              _Ty=std::pair<int,unsigned __int64>,
              _Alnode=std::allocator<std::_Tree_node<std::pair<const int,int>,std::_Default_allocator_traits<std::allocator<std::pair<const int,int>>>::void_pointer>>
          ]
          D:\Microsoft Visual Studio\2022\Community\VC\Tools\MSVC\14.44.35207\include\xtree(830,25):
          查看对正在编译的函数 模板 实例化“void std::_Default_allocator_traits<_Alloc>::construct<_Ty,std::pair<int,unsigned __int64>>(_Alloc &,_Objty *const ,std::pair<int,unsigned __int64> &&)”的引用
          with
          [
              _Alloc=std::allocator<std::_Tree_node<std::pair<const int,int>,std::_Default_allocator_traits<std::allocator<std::pair<const int,int>>>::void_pointer>>,
              _Ty=std::pair<const int,int>,
              _Objty=std::pair<const int,int>
          ]
          D:\Microsoft Visual Studio\2022\Community\VC\Tools\MSVC\14.44.35207\include\xmemory(732,103):
          查看对正在编译的函数 模板 实例化“std::pair<const int,int>::pair<int,unsigned __int64,0>(std::pair<int,unsigned __int64> &&) noexcept”的引用
  
  StaticMesh.cpp
G:\Sun\SunEngine\src\Math\MathUtils.h(141,18): warning C4244: “参数”: 从“double”转换到“float”，可能丢失数据
  (编译源文件“../../../src/Assets/StaticMesh.cpp”)
  
G:\Sun\SunEngine\src\Math\MathUtils.h(142,16): warning C4244: “=”: 从“double”转换到“float”，可能丢失数据
  (编译源文件“../../../src/Assets/StaticMesh.cpp”)
  
G:\Sun\SunEngine\src\Math\MathUtils.h(148,39): warning C4244: “参数”: 从“double”转换到“float”，可能丢失数据
  (编译源文件“../../../src/Assets/StaticMesh.cpp”)
  
G:\Sun\SunEngine\src\Math\MathUtils.h(150,16): warning C4244: “=”: 从“double”转换到“float”，可能丢失数据
  (编译源文件“../../../src/Assets/StaticMesh.cpp”)
  
G:\Sun\SunEngine\src\Math\MathUtils.h(156,39): warning C4244: “参数”: 从“double”转换到“float”，可能丢失数据
  (编译源文件“../../../src/Assets/StaticMesh.cpp”)
  
G:\Sun\SunEngine\src\Math\MathUtils.h(159,16): warning C4244: “=”: 从“double”转换到“float”，可能丢失数据
  (编译源文件“../../../src/Assets/StaticMesh.cpp”)
  
G:\Sun\SunEngine\src\Math\MathUtils.h(163,39): warning C4244: “参数”: 从“double”转换到“float”，可能丢失数据
  (编译源文件“../../../src/Assets/StaticMesh.cpp”)
  
G:\Sun\SunEngine\src\Math\MathUtils.h(167,16): warning C4244: “=”: 从“double”转换到“float”，可能丢失数据
  (编译源文件“../../../src/Assets/StaticMesh.cpp”)
  
  StaticMeshSection.cpp
  正在生成代码...
  Assets.vcxproj -> G:\Sun\SunEngine\myproj\Debug\Assets.lib
