e:\git\testproj\sunengine\myproj\src\assets\debug\assets.pdb
g:\sunengine__old\myproj\debug\assets.pdb
g:\sunengine__old\myproj\src\assets\assets.dir\debug\staticmeshsection.obj
g:\sunengine__old\myproj\src\assets\assets.dir\debug\staticmesh.obj
g:\sunengine__old\myproj\src\assets\assets.dir\debug\skeleton.obj
g:\sunengine__old\myproj\src\assets\assets.dir\debug\skeletalmeshsocket.obj
g:\sunengine__old\myproj\src\assets\assets.dir\debug\skeletalmeshsection.obj
g:\sunengine__old\myproj\src\assets\assets.dir\debug\skeletalmesh.obj
g:\sunengine__old\myproj\src\assets\assets.dir\debug\resourcemanager.obj
g:\sunengine__old\myproj\src\assets\assets.dir\debug\lodmodel.obj
g:\sunengine__old\myproj\src\assets\assets.dir\debug\joint.obj
g:\sunengine__old\myproj\src\assets\assets.dir\debug\handlemgr.obj
g:\sunengine__old\myproj\src\assets\assets.dir\debug\assetsmgr.obj
g:\sunengine__old\myproj\src\assets\assets.dir\debug\assets.obj
g:\sunengine__old\myproj\src\assets\assets.dir\debug\archive.obj
g:\sunengine__old\myproj\src\assets\assets.dir\debug\animation.obj
g:\sunengine__old\myproj\debug\assets.lib
g:\sunengine__old\myproj\src\assets\assets.dir\debug\assets.tlog\cl.command.1.tlog
g:\sunengine__old\myproj\src\assets\assets.dir\debug\assets.tlog\cl.items.tlog
g:\sunengine__old\myproj\src\assets\assets.dir\debug\assets.tlog\cl.read.1.tlog
g:\sunengine__old\myproj\src\assets\assets.dir\debug\assets.tlog\cl.write.1.tlog
g:\sunengine__old\myproj\src\assets\assets.dir\debug\assets.tlog\lib-link.read.1.tlog
g:\sunengine__old\myproj\src\assets\assets.dir\debug\assets.tlog\lib-link.write.1.tlog
g:\sunengine__old\myproj\src\assets\assets.dir\debug\assets.tlog\lib.command.1.tlog
