D:\Microsoft Visual Studio\2022\Community\MSBuild\Current\Bin\amd64\Microsoft.Common.CurrentVersion.targets(2189,5): warning MSB9008: 引用的项目 E:\GIT\testproj\SunEngine\myproj\ZERO_CHECK.vcxproj 不存在。
D:\Microsoft Visual Studio\2022\Community\MSBuild\Microsoft\VC\v170\Microsoft.CppBuild.targets(524,5): warning MSB8004: Output 目录未以斜杠结尾。  此生成实例将添加斜杠，因为必须有这个斜杠才能正确计算 Output 目录。
  BoxPrimitive.cpp
G:\Sun\SunEngine\src\Math\MathUtils.h(141,18): warning C4244: “参数”: 从“double”转换到“float”，可能丢失数据
  (编译源文件“../../../src/Primitive/BoxPrimitive.cpp”)
  
G:\Sun\SunEngine\src\Math\MathUtils.h(142,16): warning C4244: “=”: 从“double”转换到“float”，可能丢失数据
  (编译源文件“../../../src/Primitive/BoxPrimitive.cpp”)
  
G:\Sun\SunEngine\src\Math\MathUtils.h(148,39): warning C4244: “参数”: 从“double”转换到“float”，可能丢失数据
  (编译源文件“../../../src/Primitive/BoxPrimitive.cpp”)
  
G:\Sun\SunEngine\src\Math\MathUtils.h(150,16): warning C4244: “=”: 从“double”转换到“float”，可能丢失数据
  (编译源文件“../../../src/Primitive/BoxPrimitive.cpp”)
  
G:\Sun\SunEngine\src\Math\MathUtils.h(156,39): warning C4244: “参数”: 从“double”转换到“float”，可能丢失数据
  (编译源文件“../../../src/Primitive/BoxPrimitive.cpp”)
  
G:\Sun\SunEngine\src\Math\MathUtils.h(159,16): warning C4244: “=”: 从“double”转换到“float”，可能丢失数据
  (编译源文件“../../../src/Primitive/BoxPrimitive.cpp”)
  
G:\Sun\SunEngine\src\Math\MathUtils.h(163,39): warning C4244: “参数”: 从“double”转换到“float”，可能丢失数据
  (编译源文件“../../../src/Primitive/BoxPrimitive.cpp”)
  
G:\Sun\SunEngine\src\Math\MathUtils.h(167,16): warning C4244: “=”: 从“double”转换到“float”，可能丢失数据
  (编译源文件“../../../src/Primitive/BoxPrimitive.cpp”)
  
  Image.cpp
G:\Sun\SunEngine\src\Math\MathUtils.h(141,18): warning C4244: “参数”: 从“double”转换到“float”，可能丢失数据
  (编译源文件“../../../src/Primitive/Image.cpp”)
  
G:\Sun\SunEngine\src\Math\MathUtils.h(142,16): warning C4244: “=”: 从“double”转换到“float”，可能丢失数据
  (编译源文件“../../../src/Primitive/Image.cpp”)
  
G:\Sun\SunEngine\src\Math\MathUtils.h(148,39): warning C4244: “参数”: 从“double”转换到“float”，可能丢失数据
  (编译源文件“../../../src/Primitive/Image.cpp”)
  
G:\Sun\SunEngine\src\Math\MathUtils.h(150,16): warning C4244: “=”: 从“double”转换到“float”，可能丢失数据
  (编译源文件“../../../src/Primitive/Image.cpp”)
  
G:\Sun\SunEngine\src\Math\MathUtils.h(156,39): warning C4244: “参数”: 从“double”转换到“float”，可能丢失数据
  (编译源文件“../../../src/Primitive/Image.cpp”)
  
G:\Sun\SunEngine\src\Math\MathUtils.h(159,16): warning C4244: “=”: 从“double”转换到“float”，可能丢失数据
  (编译源文件“../../../src/Primitive/Image.cpp”)
  
G:\Sun\SunEngine\src\Math\MathUtils.h(163,39): warning C4244: “参数”: 从“double”转换到“float”，可能丢失数据
  (编译源文件“../../../src/Primitive/Image.cpp”)
  
G:\Sun\SunEngine\src\Math\MathUtils.h(167,16): warning C4244: “=”: 从“double”转换到“float”，可能丢失数据
  (编译源文件“../../../src/Primitive/Image.cpp”)
  
  ImageCache.cpp
G:\Sun\SunEngine\src\Math\MathUtils.h(141,18): warning C4244: “参数”: 从“double”转换到“float”，可能丢失数据
  (编译源文件“../../../src/Primitive/ImageCache.cpp”)
  
G:\Sun\SunEngine\src\Math\MathUtils.h(142,16): warning C4244: “=”: 从“double”转换到“float”，可能丢失数据
  (编译源文件“../../../src/Primitive/ImageCache.cpp”)
  
G:\Sun\SunEngine\src\Math\MathUtils.h(148,39): warning C4244: “参数”: 从“double”转换到“float”，可能丢失数据
  (编译源文件“../../../src/Primitive/ImageCache.cpp”)
  
G:\Sun\SunEngine\src\Math\MathUtils.h(150,16): warning C4244: “=”: 从“double”转换到“float”，可能丢失数据
  (编译源文件“../../../src/Primitive/ImageCache.cpp”)
  
G:\Sun\SunEngine\src\Math\MathUtils.h(156,39): warning C4244: “参数”: 从“double”转换到“float”，可能丢失数据
  (编译源文件“../../../src/Primitive/ImageCache.cpp”)
  
G:\Sun\SunEngine\src\Math\MathUtils.h(159,16): warning C4244: “=”: 从“double”转换到“float”，可能丢失数据
  (编译源文件“../../../src/Primitive/ImageCache.cpp”)
  
G:\Sun\SunEngine\src\Math\MathUtils.h(163,39): warning C4244: “参数”: 从“double”转换到“float”，可能丢失数据
  (编译源文件“../../../src/Primitive/ImageCache.cpp”)
  
G:\Sun\SunEngine\src\Math\MathUtils.h(167,16): warning C4244: “=”: 从“double”转换到“float”，可能丢失数据
  (编译源文件“../../../src/Primitive/ImageCache.cpp”)
  
  PrimitiveMemoryManager.cpp
G:\Sun\SunEngine\src\Math\MathUtils.h(141,18): warning C4244: “参数”: 从“double”转换到“float”，可能丢失数据
  (编译源文件“../../../src/Primitive/PrimitiveMemoryManager.cpp”)
  
G:\Sun\SunEngine\src\Math\MathUtils.h(142,16): warning C4244: “=”: 从“double”转换到“float”，可能丢失数据
  (编译源文件“../../../src/Primitive/PrimitiveMemoryManager.cpp”)
  
G:\Sun\SunEngine\src\Math\MathUtils.h(148,39): warning C4244: “参数”: 从“double”转换到“float”，可能丢失数据
  (编译源文件“../../../src/Primitive/PrimitiveMemoryManager.cpp”)
  
G:\Sun\SunEngine\src\Math\MathUtils.h(150,16): warning C4244: “=”: 从“double”转换到“float”，可能丢失数据
  (编译源文件“../../../src/Primitive/PrimitiveMemoryManager.cpp”)
  
G:\Sun\SunEngine\src\Math\MathUtils.h(156,39): warning C4244: “参数”: 从“double”转换到“float”，可能丢失数据
  (编译源文件“../../../src/Primitive/PrimitiveMemoryManager.cpp”)
  
G:\Sun\SunEngine\src\Math\MathUtils.h(159,16): warning C4244: “=”: 从“double”转换到“float”，可能丢失数据
  (编译源文件“../../../src/Primitive/PrimitiveMemoryManager.cpp”)
  
G:\Sun\SunEngine\src\Math\MathUtils.h(163,39): warning C4244: “参数”: 从“double”转换到“float”，可能丢失数据
  (编译源文件“../../../src/Primitive/PrimitiveMemoryManager.cpp”)
  
G:\Sun\SunEngine\src\Math\MathUtils.h(167,16): warning C4244: “=”: 从“double”转换到“float”，可能丢失数据
  (编译源文件“../../../src/Primitive/PrimitiveMemoryManager.cpp”)
  
G:\Sun\SunEngine\src\Primitive\PrimitiveMemoryManager.cpp(17,45): warning C4267: “=”: 从“size_t”转换到“int”，可能丢失数据
G:\Sun\SunEngine\src\Primitive\PrimitiveMemoryManager.cpp(23,68): warning C4267: “=”: 从“size_t”转换到“int”，可能丢失数据
G:\Sun\SunEngine\src\Primitive\PrimitiveMemoryManager.cpp(33,77): warning C4267: “=”: 从“size_t”转换到“int”，可能丢失数据
G:\Sun\SunEngine\src\Primitive\PrimitiveMemoryManager.cpp(43,75): warning C4267: “=”: 从“size_t”转换到“int”，可能丢失数据
G:\Sun\SunEngine\src\Primitive\PrimitiveMemoryManager.cpp(53,71): warning C4267: “=”: 从“size_t”转换到“int”，可能丢失数据
  SkeletalMeshPrimitive.cpp
G:\Sun\SunEngine\src\Math\MathUtils.h(141,18): warning C4244: “参数”: 从“double”转换到“float”，可能丢失数据
  (编译源文件“../../../src/Primitive/SkeletalMeshPrimitive.cpp”)
  
G:\Sun\SunEngine\src\Math\MathUtils.h(142,16): warning C4244: “=”: 从“double”转换到“float”，可能丢失数据
  (编译源文件“../../../src/Primitive/SkeletalMeshPrimitive.cpp”)
  
G:\Sun\SunEngine\src\Math\MathUtils.h(148,39): warning C4244: “参数”: 从“double”转换到“float”，可能丢失数据
  (编译源文件“../../../src/Primitive/SkeletalMeshPrimitive.cpp”)
  
G:\Sun\SunEngine\src\Math\MathUtils.h(150,16): warning C4244: “=”: 从“double”转换到“float”，可能丢失数据
  (编译源文件“../../../src/Primitive/SkeletalMeshPrimitive.cpp”)
  
G:\Sun\SunEngine\src\Math\MathUtils.h(156,39): warning C4244: “参数”: 从“double”转换到“float”，可能丢失数据
  (编译源文件“../../../src/Primitive/SkeletalMeshPrimitive.cpp”)
  
G:\Sun\SunEngine\src\Math\MathUtils.h(159,16): warning C4244: “=”: 从“double”转换到“float”，可能丢失数据
  (编译源文件“../../../src/Primitive/SkeletalMeshPrimitive.cpp”)
  
G:\Sun\SunEngine\src\Math\MathUtils.h(163,39): warning C4244: “参数”: 从“double”转换到“float”，可能丢失数据
  (编译源文件“../../../src/Primitive/SkeletalMeshPrimitive.cpp”)
  
G:\Sun\SunEngine\src\Math\MathUtils.h(167,16): warning C4244: “=”: 从“double”转换到“float”，可能丢失数据
  (编译源文件“../../../src/Primitive/SkeletalMeshPrimitive.cpp”)
  
  SpherePrimitive.cpp
G:\Sun\SunEngine\src\Math\MathUtils.h(141,18): warning C4244: “参数”: 从“double”转换到“float”，可能丢失数据
  (编译源文件“../../../src/Primitive/SpherePrimitive.cpp”)
  
G:\Sun\SunEngine\src\Math\MathUtils.h(142,16): warning C4244: “=”: 从“double”转换到“float”，可能丢失数据
  (编译源文件“../../../src/Primitive/SpherePrimitive.cpp”)
  
G:\Sun\SunEngine\src\Math\MathUtils.h(148,39): warning C4244: “参数”: 从“double”转换到“float”，可能丢失数据
  (编译源文件“../../../src/Primitive/SpherePrimitive.cpp”)
  
G:\Sun\SunEngine\src\Math\MathUtils.h(150,16): warning C4244: “=”: 从“double”转换到“float”，可能丢失数据
  (编译源文件“../../../src/Primitive/SpherePrimitive.cpp”)
  
G:\Sun\SunEngine\src\Math\MathUtils.h(156,39): warning C4244: “参数”: 从“double”转换到“float”，可能丢失数据
  (编译源文件“../../../src/Primitive/SpherePrimitive.cpp”)
  
G:\Sun\SunEngine\src\Math\MathUtils.h(159,16): warning C4244: “=”: 从“double”转换到“float”，可能丢失数据
  (编译源文件“../../../src/Primitive/SpherePrimitive.cpp”)
  
G:\Sun\SunEngine\src\Math\MathUtils.h(163,39): warning C4244: “参数”: 从“double”转换到“float”，可能丢失数据
  (编译源文件“../../../src/Primitive/SpherePrimitive.cpp”)
  
G:\Sun\SunEngine\src\Math\MathUtils.h(167,16): warning C4244: “=”: 从“double”转换到“float”，可能丢失数据
  (编译源文件“../../../src/Primitive/SpherePrimitive.cpp”)
  
  StaticMeshPrimitive.cpp
G:\Sun\SunEngine\src\Math\MathUtils.h(141,18): warning C4244: “参数”: 从“double”转换到“float”，可能丢失数据
  (编译源文件“../../../src/Primitive/StaticMeshPrimitive.cpp”)
  
G:\Sun\SunEngine\src\Math\MathUtils.h(142,16): warning C4244: “=”: 从“double”转换到“float”，可能丢失数据
  (编译源文件“../../../src/Primitive/StaticMeshPrimitive.cpp”)
  
G:\Sun\SunEngine\src\Math\MathUtils.h(148,39): warning C4244: “参数”: 从“double”转换到“float”，可能丢失数据
  (编译源文件“../../../src/Primitive/StaticMeshPrimitive.cpp”)
  
G:\Sun\SunEngine\src\Math\MathUtils.h(150,16): warning C4244: “=”: 从“double”转换到“float”，可能丢失数据
  (编译源文件“../../../src/Primitive/StaticMeshPrimitive.cpp”)
  
G:\Sun\SunEngine\src\Math\MathUtils.h(156,39): warning C4244: “参数”: 从“double”转换到“float”，可能丢失数据
  (编译源文件“../../../src/Primitive/StaticMeshPrimitive.cpp”)
  
G:\Sun\SunEngine\src\Math\MathUtils.h(159,16): warning C4244: “=”: 从“double”转换到“float”，可能丢失数据
  (编译源文件“../../../src/Primitive/StaticMeshPrimitive.cpp”)
  
G:\Sun\SunEngine\src\Math\MathUtils.h(163,39): warning C4244: “参数”: 从“double”转换到“float”，可能丢失数据
  (编译源文件“../../../src/Primitive/StaticMeshPrimitive.cpp”)
  
G:\Sun\SunEngine\src\Math\MathUtils.h(167,16): warning C4244: “=”: 从“double”转换到“float”，可能丢失数据
  (编译源文件“../../../src/Primitive/StaticMeshPrimitive.cpp”)
  
  VertexBufferElement.cpp
  VertexBufferLayout.cpp
  VertexData.cpp
  正在生成代码...
  Primitive.vcxproj -> G:\Sun\SunEngine\myproj\Debug\Primitive.lib
