e:\git\testproj\sunengine\myproj\src\common\debug\common.pdb
g:\sunengine__old\myproj\src\common\common.dir\debug\windowinfo.obj
g:\sunengine__old\myproj\src\common\common.dir\debug\pixelformat.obj
g:\sunengine__old\myproj\src\common\common.dir\debug\msgcenter.obj
g:\sunengine__old\myproj\src\common\common.dir\debug\mousestate.obj
g:\sunengine__old\myproj\src\common\common.dir\debug\lib.obj
g:\sunengine__old\myproj\src\common\common.dir\debug\keyborad.obj
g:\sunengine__old\myproj\src\common\common.dir\debug\glsl.obj
g:\sunengine__old\myproj\src\common\common.dir\debug\events.obj
g:\sunengine__old\myproj\src\common\common.dir\debug\cvarcenter.obj
g:\sunengine__old\myproj\src\common\common.dir\debug\common.obj
g:\sunengine__old\myproj\src\common\common.dir\debug\basicdatatype.obj
g:\sunengine__old\myproj\debug\common.pdb
g:\sunengine__old\myproj\debug\common.lib
g:\sunengine__old\myproj\src\common\common.dir\debug\common.tlog\cl.command.1.tlog
g:\sunengine__old\myproj\src\common\common.dir\debug\common.tlog\cl.items.tlog
g:\sunengine__old\myproj\src\common\common.dir\debug\common.tlog\cl.read.1.tlog
g:\sunengine__old\myproj\src\common\common.dir\debug\common.tlog\cl.write.1.tlog
g:\sunengine__old\myproj\src\common\common.dir\debug\common.tlog\lib-link.read.1.tlog
g:\sunengine__old\myproj\src\common\common.dir\debug\common.tlog\lib-link.write.1.tlog
g:\sunengine__old\myproj\src\common\common.dir\debug\common.tlog\lib.command.1.tlog
