g:\sunengine__old\myproj\debug\system.pdb
g:\sunengine__old\myproj\src\system\system.dir\debug\fieldsystem.obj
g:\sunengine__old\myproj\src\system\system.dir\debug\usersetting.obj
g:\sunengine__old\myproj\src\system\system.dir\debug\systembase.obj
g:\sunengine__old\myproj\src\system\system.dir\debug\staticmeshrasterdefferedlightingsystem.obj
g:\sunengine__old\myproj\src\system\system.dir\debug\staticmeshrasterdefferedgeosystem.obj
g:\sunengine__old\myproj\src\system\system.dir\debug\sphsystem.obj
g:\sunengine__old\myproj\src\system\system.dir\debug\sphererendersystem.obj
g:\sunengine__old\myproj\src\system\system.dir\debug\renderpasssystem.obj
g:\sunengine__old\myproj\src\system\system.dir\debug\playercontrolsystem.obj
g:\sunengine__old\myproj\src\system\system.dir\debug\collisiondetectsystem.obj
g:\sunengine__old\myproj\src\system\system.dir\debug\animationsystem.obj
g:\sunengine__old\myproj\debug\system.lib
g:\sunengine__old\myproj\src\system\system.dir\debug\system.tlog\cl.command.1.tlog
g:\sunengine__old\myproj\src\system\system.dir\debug\system.tlog\cl.items.tlog
g:\sunengine__old\myproj\src\system\system.dir\debug\system.tlog\cl.read.1.tlog
g:\sunengine__old\myproj\src\system\system.dir\debug\system.tlog\cl.write.1.tlog
g:\sunengine__old\myproj\src\system\system.dir\debug\system.tlog\lib-link.read.1.tlog
g:\sunengine__old\myproj\src\system\system.dir\debug\system.tlog\lib-link.write.1.tlog
g:\sunengine__old\myproj\src\system\system.dir\debug\system.tlog\lib.command.1.tlog
