D:\Microsoft Visual Studio\2022\Community\MSBuild\Current\Bin\amd64\Microsoft.Common.CurrentVersion.targets(2189,5): warning MSB9008: 引用的项目 E:\GIT\testproj\SunEngine\myproj\ZERO_CHECK.vcxproj 不存在。
D:\Microsoft Visual Studio\2022\Community\MSBuild\Microsoft\VC\v170\Microsoft.CppBuild.targets(524,5): warning MSB8004: Output 目录未以斜杠结尾。  此生成实例将添加斜杠，因为必须有这个斜杠才能正确计算 Output 目录。
  Algorithm.cpp
  BipartiteGraph.cpp
G:\Sun\SunEngine\src\Math\MathUtils.h(141,18): warning C4244: “参数”: 从“double”转换到“float”，可能丢失数据
  (编译源文件“../../../src/Math/Algorithm.cpp”)
  
G:\Sun\SunEngine\src\Math\MathUtils.h(142,16): warning C4244: “=”: 从“double”转换到“float”，可能丢失数据
  (编译源文件“../../../src/Math/Algorithm.cpp”)
  
G:\Sun\SunEngine\src\Math\MathUtils.h(148,39): warning C4244: “参数”: 从“double”转换到“float”，可能丢失数据
  (编译源文件“../../../src/Math/Algorithm.cpp”)
  
G:\Sun\SunEngine\src\Math\MathUtils.h(150,16): warning C4244: “=”: 从“double”转换到“float”，可能丢失数据
  (编译源文件“../../../src/Math/Algorithm.cpp”)
  
G:\Sun\SunEngine\src\Math\MathUtils.h(156,39): warning C4244: “参数”: 从“double”转换到“float”，可能丢失数据
  (编译源文件“../../../src/Math/Algorithm.cpp”)
  
G:\Sun\SunEngine\src\Math\MathUtils.h(159,16): warning C4244: “=”: 从“double”转换到“float”，可能丢失数据
  (编译源文件“../../../src/Math/Algorithm.cpp”)
  
G:\Sun\SunEngine\src\Math\MathUtils.h(163,39): warning C4244: “参数”: 从“double”转换到“float”，可能丢失数据
  (编译源文件“../../../src/Math/Algorithm.cpp”)
  
G:\Sun\SunEngine\src\Math\MathUtils.h(167,16): warning C4244: “=”: 从“double”转换到“float”，可能丢失数据
  (编译源文件“../../../src/Math/Algorithm.cpp”)
  
  Box.cpp
G:\Sun\SunEngine\src\Math\MathUtils.h(141,18): warning C4244: “参数”: 从“double”转换到“float”，可能丢失数据
  (编译源文件“../../../src/Math/Box.cpp”)
  
G:\Sun\SunEngine\src\Math\MathUtils.h(142,16): warning C4244: “=”: 从“double”转换到“float”，可能丢失数据
  (编译源文件“../../../src/Math/Box.cpp”)
  
G:\Sun\SunEngine\src\Math\MathUtils.h(148,39): warning C4244: “参数”: 从“double”转换到“float”，可能丢失数据
  (编译源文件“../../../src/Math/Box.cpp”)
  
G:\Sun\SunEngine\src\Math\MathUtils.h(150,16): warning C4244: “=”: 从“double”转换到“float”，可能丢失数据
  (编译源文件“../../../src/Math/Box.cpp”)
  
G:\Sun\SunEngine\src\Math\MathUtils.h(156,39): warning C4244: “参数”: 从“double”转换到“float”，可能丢失数据
  (编译源文件“../../../src/Math/Box.cpp”)
  
G:\Sun\SunEngine\src\Math\MathUtils.h(159,16): warning C4244: “=”: 从“double”转换到“float”，可能丢失数据
  (编译源文件“../../../src/Math/Box.cpp”)
  
G:\Sun\SunEngine\src\Math\MathUtils.h(163,39): warning C4244: “参数”: 从“double”转换到“float”，可能丢失数据
  (编译源文件“../../../src/Math/Box.cpp”)
  
G:\Sun\SunEngine\src\Math\MathUtils.h(167,16): warning C4244: “=”: 从“double”转换到“float”，可能丢失数据
  (编译源文件“../../../src/Math/Box.cpp”)
  
  Brush.cpp
G:\Sun\SunEngine\src\Math\MathUtils.h(141,18): warning C4244: “参数”: 从“double”转换到“float”，可能丢失数据
  (编译源文件“../../../src/Math/Brush.cpp”)
  
G:\Sun\SunEngine\src\Math\MathUtils.h(142,16): warning C4244: “=”: 从“double”转换到“float”，可能丢失数据
  (编译源文件“../../../src/Math/Brush.cpp”)
  
G:\Sun\SunEngine\src\Math\MathUtils.h(148,39): warning C4244: “参数”: 从“double”转换到“float”，可能丢失数据
  (编译源文件“../../../src/Math/Brush.cpp”)
  
G:\Sun\SunEngine\src\Math\MathUtils.h(150,16): warning C4244: “=”: 从“double”转换到“float”，可能丢失数据
  (编译源文件“../../../src/Math/Brush.cpp”)
  
G:\Sun\SunEngine\src\Math\MathUtils.h(156,39): warning C4244: “参数”: 从“double”转换到“float”，可能丢失数据
  (编译源文件“../../../src/Math/Brush.cpp”)
  
G:\Sun\SunEngine\src\Math\MathUtils.h(159,16): warning C4244: “=”: 从“double”转换到“float”，可能丢失数据
  (编译源文件“../../../src/Math/Brush.cpp”)
  
G:\Sun\SunEngine\src\Math\MathUtils.h(163,39): warning C4244: “参数”: 从“double”转换到“float”，可能丢失数据
  (编译源文件“../../../src/Math/Brush.cpp”)
  
G:\Sun\SunEngine\src\Math\MathUtils.h(167,16): warning C4244: “=”: 从“double”转换到“float”，可能丢失数据
  (编译源文件“../../../src/Math/Brush.cpp”)
  
G:\Sun\SunEngine\src\Math\Plane.h(15,39): warning C4806: “|”: 不安全操作: 从类型“bool”提升到类型“int”的值不能等于给定的常量
  (编译源文件“../../../src/Math/Brush.cpp”)
  
G:\Sun\SunEngine\src\Math\Plane.h(15,39): warning C4554: “|”: 检查运算符优先级是否存在的可能的错误；使用括号阐明优先级
  (编译源文件“../../../src/Math/Brush.cpp”)
  
  Capsule.cpp
G:\Sun\SunEngine\src\Math\MathUtils.h(141,18): warning C4244: “参数”: 从“double”转换到“float”，可能丢失数据
  (编译源文件“../../../src/Math/Capsule.cpp”)
  
G:\Sun\SunEngine\src\Math\MathUtils.h(142,16): warning C4244: “=”: 从“double”转换到“float”，可能丢失数据
  (编译源文件“../../../src/Math/Capsule.cpp”)
  
G:\Sun\SunEngine\src\Math\MathUtils.h(148,39): warning C4244: “参数”: 从“double”转换到“float”，可能丢失数据
  (编译源文件“../../../src/Math/Capsule.cpp”)
  
G:\Sun\SunEngine\src\Math\MathUtils.h(150,16): warning C4244: “=”: 从“double”转换到“float”，可能丢失数据
  (编译源文件“../../../src/Math/Capsule.cpp”)
  
G:\Sun\SunEngine\src\Math\MathUtils.h(156,39): warning C4244: “参数”: 从“double”转换到“float”，可能丢失数据
  (编译源文件“../../../src/Math/Capsule.cpp”)
  
G:\Sun\SunEngine\src\Math\MathUtils.h(159,16): warning C4244: “=”: 从“double”转换到“float”，可能丢失数据
  (编译源文件“../../../src/Math/Capsule.cpp”)
  
G:\Sun\SunEngine\src\Math\MathUtils.h(163,39): warning C4244: “参数”: 从“double”转换到“float”，可能丢失数据
  (编译源文件“../../../src/Math/Capsule.cpp”)
  
G:\Sun\SunEngine\src\Math\MathUtils.h(167,16): warning C4244: “=”: 从“double”转换到“float”，可能丢失数据
  (编译源文件“../../../src/Math/Capsule.cpp”)
  
  Cylinder.cpp
G:\Sun\SunEngine\src\Math\MathUtils.h(141,18): warning C4244: “参数”: 从“double”转换到“float”，可能丢失数据
  (编译源文件“../../../src/Math/Cylinder.cpp”)
  
G:\Sun\SunEngine\src\Math\MathUtils.h(142,16): warning C4244: “=”: 从“double”转换到“float”，可能丢失数据
  (编译源文件“../../../src/Math/Cylinder.cpp”)
  
G:\Sun\SunEngine\src\Math\MathUtils.h(148,39): warning C4244: “参数”: 从“double”转换到“float”，可能丢失数据
  (编译源文件“../../../src/Math/Cylinder.cpp”)
  
G:\Sun\SunEngine\src\Math\MathUtils.h(150,16): warning C4244: “=”: 从“double”转换到“float”，可能丢失数据
  (编译源文件“../../../src/Math/Cylinder.cpp”)
  
G:\Sun\SunEngine\src\Math\MathUtils.h(156,39): warning C4244: “参数”: 从“double”转换到“float”，可能丢失数据
  (编译源文件“../../../src/Math/Cylinder.cpp”)
  
G:\Sun\SunEngine\src\Math\MathUtils.h(159,16): warning C4244: “=”: 从“double”转换到“float”，可能丢失数据
  (编译源文件“../../../src/Math/Cylinder.cpp”)
  
G:\Sun\SunEngine\src\Math\MathUtils.h(163,39): warning C4244: “参数”: 从“double”转换到“float”，可能丢失数据
  (编译源文件“../../../src/Math/Cylinder.cpp”)
  
G:\Sun\SunEngine\src\Math\MathUtils.h(167,16): warning C4244: “=”: 从“double”转换到“float”，可能丢失数据
  (编译源文件“../../../src/Math/Cylinder.cpp”)
  
  Equation.cpp
  Expression.cpp
G:\Sun\SunEngine\src\Math\Expression.cpp(112,4): warning C4996: 'strcpy': This function or variable may be unsafe. Consider using strcpy_s instead. To disable deprecation, use _CRT_SECURE_NO_WARNINGS. See online help for details.
G:\Sun\SunEngine\src\Math\Expression.cpp(300,9): warning C4267: “初始化”: 从“size_t”转换到“int”，可能丢失数据
G:\Sun\SunEngine\src\Math\Expression.cpp(459,14): warning C4267: “初始化”: 从“size_t”转换到“int”，可能丢失数据
G:\Sun\SunEngine\src\Math\Expression.cpp(469,16): warning C4267: “初始化”: 从“size_t”转换到“int”，可能丢失数据
G:\Sun\SunEngine\src\Math\Expression.cpp(502,14): warning C4267: “初始化”: 从“size_t”转换到“int”，可能丢失数据
G:\Sun\SunEngine\src\Math\Expression.cpp(512,14): warning C4267: “初始化”: 从“size_t”转换到“int”，可能丢失数据
G:\Sun\SunEngine\src\Math\Expression.cpp(533,42): warning C4267: “=”: 从“size_t”转换到“int”，可能丢失数据
G:\Sun\SunEngine\src\Math\Expression.cpp(544,43): warning C4267: “=”: 从“size_t”转换到“int”，可能丢失数据
G:\Sun\SunEngine\src\Math\Expression.cpp(560,42): warning C4267: “=”: 从“size_t”转换到“int”，可能丢失数据
G:\Sun\SunEngine\src\Math\Expression.cpp(592,14): warning C4267: “初始化”: 从“size_t”转换到“int”，可能丢失数据
  FFT.cpp
G:\Sun\SunEngine\src\Math\MathUtils.h(141,18): warning C4244: “参数”: 从“double”转换到“float”，可能丢失数据
  (编译源文件“../../../src/Math/FFT.cpp”)
  
G:\Sun\SunEngine\src\Math\MathUtils.h(142,16): warning C4244: “=”: 从“double”转换到“float”，可能丢失数据
  (编译源文件“../../../src/Math/FFT.cpp”)
  
G:\Sun\SunEngine\src\Math\MathUtils.h(148,39): warning C4244: “参数”: 从“double”转换到“float”，可能丢失数据
  (编译源文件“../../../src/Math/FFT.cpp”)
  
G:\Sun\SunEngine\src\Math\MathUtils.h(150,16): warning C4244: “=”: 从“double”转换到“float”，可能丢失数据
  (编译源文件“../../../src/Math/FFT.cpp”)
  
G:\Sun\SunEngine\src\Math\MathUtils.h(156,39): warning C4244: “参数”: 从“double”转换到“float”，可能丢失数据
  (编译源文件“../../../src/Math/FFT.cpp”)
  
G:\Sun\SunEngine\src\Math\MathUtils.h(159,16): warning C4244: “=”: 从“double”转换到“float”，可能丢失数据
  (编译源文件“../../../src/Math/FFT.cpp”)
  
G:\Sun\SunEngine\src\Math\MathUtils.h(163,39): warning C4244: “参数”: 从“double”转换到“float”，可能丢失数据
  (编译源文件“../../../src/Math/FFT.cpp”)
  
G:\Sun\SunEngine\src\Math\MathUtils.h(167,16): warning C4244: “=”: 从“double”转换到“float”，可能丢失数据
  (编译源文件“../../../src/Math/FFT.cpp”)
  
G:\Sun\SunEngine\src\Math\FFT.h(75,4): warning C4002: 类函数宏的调用“assert”参数过多
  (编译源文件“../../../src/Math/FFT.cpp”)
  
G:\Sun\SunEngine\src\Math\FFT.h(153,66): warning C4244: “参数”: 从“double”转换到“const std::complex<float>::_Ty”，可能丢失数据
  (编译源文件“../../../src/Math/FFT.cpp”)
  
G:\Sun\SunEngine\src\Math\FFT.h(153,42): warning C4244: “参数”: 从“double”转换到“const std::complex<float>::_Ty”，可能丢失数据
  (编译源文件“../../../src/Math/FFT.cpp”)
  
  Geometry.cpp
G:\Sun\SunEngine\src\Math\MathUtils.h(141,18): warning C4244: “参数”: 从“double”转换到“float”，可能丢失数据
  (编译源文件“../../../src/Math/Geometry.cpp”)
  
G:\Sun\SunEngine\src\Math\MathUtils.h(142,16): warning C4244: “=”: 从“double”转换到“float”，可能丢失数据
  (编译源文件“../../../src/Math/Geometry.cpp”)
  
G:\Sun\SunEngine\src\Math\MathUtils.h(148,39): warning C4244: “参数”: 从“double”转换到“float”，可能丢失数据
  (编译源文件“../../../src/Math/Geometry.cpp”)
  
G:\Sun\SunEngine\src\Math\MathUtils.h(150,16): warning C4244: “=”: 从“double”转换到“float”，可能丢失数据
  (编译源文件“../../../src/Math/Geometry.cpp”)
  
G:\Sun\SunEngine\src\Math\MathUtils.h(156,39): warning C4244: “参数”: 从“double”转换到“float”，可能丢失数据
  (编译源文件“../../../src/Math/Geometry.cpp”)
  
G:\Sun\SunEngine\src\Math\MathUtils.h(159,16): warning C4244: “=”: 从“double”转换到“float”，可能丢失数据
  (编译源文件“../../../src/Math/Geometry.cpp”)
  
G:\Sun\SunEngine\src\Math\MathUtils.h(163,39): warning C4244: “参数”: 从“double”转换到“float”，可能丢失数据
  (编译源文件“../../../src/Math/Geometry.cpp”)
  
G:\Sun\SunEngine\src\Math\MathUtils.h(167,16): warning C4244: “=”: 从“double”转换到“float”，可能丢失数据
  (编译源文件“../../../src/Math/Geometry.cpp”)
  
G:\Sun\SunEngine\src\Math\Plane.h(15,39): warning C4806: “|”: 不安全操作: 从类型“bool”提升到类型“int”的值不能等于给定的常量
  (编译源文件“../../../src/Math/Geometry.cpp”)
  
G:\Sun\SunEngine\src\Math\Plane.h(15,39): warning C4554: “|”: 检查运算符优先级是否存在的可能的错误；使用括号阐明优先级
  (编译源文件“../../../src/Math/Geometry.cpp”)
  
G:\Sun\SunEngine\src\Math\Geometry.h(39,16): warning C4244: “return”: 从“int”转换到“float”，可能丢失数据
  (编译源文件“../../../src/Math/Geometry.cpp”)
  
  Graph.cpp
  Line.cpp
G:\Sun\SunEngine\src\Math\MathUtils.h(141,18): warning C4244: “参数”: 从“double”转换到“float”，可能丢失数据
  (编译源文件“../../../src/Math/Line.cpp”)
  
G:\Sun\SunEngine\src\Math\MathUtils.h(142,16): warning C4244: “=”: 从“double”转换到“float”，可能丢失数据
  (编译源文件“../../../src/Math/Line.cpp”)
  
G:\Sun\SunEngine\src\Math\MathUtils.h(148,39): warning C4244: “参数”: 从“double”转换到“float”，可能丢失数据
  (编译源文件“../../../src/Math/Line.cpp”)
  
G:\Sun\SunEngine\src\Math\MathUtils.h(150,16): warning C4244: “=”: 从“double”转换到“float”，可能丢失数据
  (编译源文件“../../../src/Math/Line.cpp”)
  
G:\Sun\SunEngine\src\Math\MathUtils.h(156,39): warning C4244: “参数”: 从“double”转换到“float”，可能丢失数据
  (编译源文件“../../../src/Math/Line.cpp”)
  
G:\Sun\SunEngine\src\Math\MathUtils.h(159,16): warning C4244: “=”: 从“double”转换到“float”，可能丢失数据
  (编译源文件“../../../src/Math/Line.cpp”)
  
G:\Sun\SunEngine\src\Math\MathUtils.h(163,39): warning C4244: “参数”: 从“double”转换到“float”，可能丢失数据
  (编译源文件“../../../src/Math/Line.cpp”)
  
G:\Sun\SunEngine\src\Math\MathUtils.h(167,16): warning C4244: “=”: 从“double”转换到“float”，可能丢失数据
  (编译源文件“../../../src/Math/Line.cpp”)
  
  Matrix3x3.cpp
G:\Sun\SunEngine\src\Math\MathUtils.h(141,18): warning C4244: “参数”: 从“double”转换到“float”，可能丢失数据
  (编译源文件“../../../src/Math/Matrix3x3.cpp”)
  
G:\Sun\SunEngine\src\Math\MathUtils.h(142,16): warning C4244: “=”: 从“double”转换到“float”，可能丢失数据
  (编译源文件“../../../src/Math/Matrix3x3.cpp”)
  
G:\Sun\SunEngine\src\Math\MathUtils.h(148,39): warning C4244: “参数”: 从“double”转换到“float”，可能丢失数据
  (编译源文件“../../../src/Math/Matrix3x3.cpp”)
  
G:\Sun\SunEngine\src\Math\MathUtils.h(150,16): warning C4244: “=”: 从“double”转换到“float”，可能丢失数据
  (编译源文件“../../../src/Math/Matrix3x3.cpp”)
  
G:\Sun\SunEngine\src\Math\MathUtils.h(156,39): warning C4244: “参数”: 从“double”转换到“float”，可能丢失数据
  (编译源文件“../../../src/Math/Matrix3x3.cpp”)
  
G:\Sun\SunEngine\src\Math\MathUtils.h(159,16): warning C4244: “=”: 从“double”转换到“float”，可能丢失数据
  (编译源文件“../../../src/Math/Matrix3x3.cpp”)
  
G:\Sun\SunEngine\src\Math\MathUtils.h(163,39): warning C4244: “参数”: 从“double”转换到“float”，可能丢失数据
  (编译源文件“../../../src/Math/Matrix3x3.cpp”)
  
G:\Sun\SunEngine\src\Math\MathUtils.h(167,16): warning C4244: “=”: 从“double”转换到“float”，可能丢失数据
  (编译源文件“../../../src/Math/Matrix3x3.cpp”)
  
  Matrix4x4.cpp
G:\Sun\SunEngine\src\Math\MathUtils.h(141,18): warning C4244: “参数”: 从“double”转换到“float”，可能丢失数据
  (编译源文件“../../../src/Math/Matrix4x4.cpp”)
  
G:\Sun\SunEngine\src\Math\MathUtils.h(142,16): warning C4244: “=”: 从“double”转换到“float”，可能丢失数据
  (编译源文件“../../../src/Math/Matrix4x4.cpp”)
  
G:\Sun\SunEngine\src\Math\MathUtils.h(148,39): warning C4244: “参数”: 从“double”转换到“float”，可能丢失数据
  (编译源文件“../../../src/Math/Matrix4x4.cpp”)
  
G:\Sun\SunEngine\src\Math\MathUtils.h(150,16): warning C4244: “=”: 从“double”转换到“float”，可能丢失数据
  (编译源文件“../../../src/Math/Matrix4x4.cpp”)
  
G:\Sun\SunEngine\src\Math\MathUtils.h(156,39): warning C4244: “参数”: 从“double”转换到“float”，可能丢失数据
  (编译源文件“../../../src/Math/Matrix4x4.cpp”)
  
G:\Sun\SunEngine\src\Math\MathUtils.h(159,16): warning C4244: “=”: 从“double”转换到“float”，可能丢失数据
  (编译源文件“../../../src/Math/Matrix4x4.cpp”)
  
G:\Sun\SunEngine\src\Math\MathUtils.h(163,39): warning C4244: “参数”: 从“double”转换到“float”，可能丢失数据
  (编译源文件“../../../src/Math/Matrix4x4.cpp”)
  
G:\Sun\SunEngine\src\Math\MathUtils.h(167,16): warning C4244: “=”: 从“double”转换到“float”，可能丢失数据
  (编译源文件“../../../src/Math/Matrix4x4.cpp”)
  
G:\Sun\SunEngine\src\Math\Matrix4x4.cpp(217,24): warning C4244: “参数”: 从“double”转换到“const Sun::Matrix4x4::scalar”，可能丢失数据
G:\Sun\SunEngine\src\Math\Matrix4x4.cpp(325,16): warning C4244: “return”: 从“double”转换到“float”，可能丢失数据
G:\Sun\SunEngine\src\Math\Matrix4x4.cpp(535,20): warning C4244: “初始化”: 从“double”转换到“float”，可能丢失数据
G:\Sun\SunEngine\src\Math\Matrix4x4.cpp(536,20): warning C4244: “初始化”: 从“double”转换到“float”，可能丢失数据
G:\Sun\SunEngine\src\Math\Matrix4x4.cpp(537,20): warning C4244: “初始化”: 从“double”转换到“float”，可能丢失数据
G:\Sun\SunEngine\src\Math\Matrix4x4.cpp(538,20): warning C4244: “初始化”: 从“double”转换到“float”，可能丢失数据
G:\Sun\SunEngine\src\Math\Matrix4x4.cpp(539,20): warning C4244: “初始化”: 从“double”转换到“float”，可能丢失数据
G:\Sun\SunEngine\src\Math\Matrix4x4.cpp(540,20): warning C4244: “初始化”: 从“double”转换到“float”，可能丢失数据
G:\Sun\SunEngine\src\Math\Matrix4x4.cpp(564,21): warning C4244: “初始化”: 从“double”转换到“float”，可能丢失数据
G:\Sun\SunEngine\src\Math\Matrix4x4.cpp(707,25): warning C4244: “=”: 从“double”转换到“float”，可能丢失数据
G:\Sun\SunEngine\src\Math\Matrix4x4.cpp(708,21): warning C4244: “=”: 从“double”转换到“float”，可能丢失数据
  MatrixN.cpp
  Plane.cpp
G:\Sun\SunEngine\src\Math\MathUtils.h(141,18): warning C4244: “参数”: 从“double”转换到“float”，可能丢失数据
  (编译源文件“../../../src/Math/Plane.cpp”)
  
G:\Sun\SunEngine\src\Math\MathUtils.h(142,16): warning C4244: “=”: 从“double”转换到“float”，可能丢失数据
  (编译源文件“../../../src/Math/Plane.cpp”)
  
G:\Sun\SunEngine\src\Math\MathUtils.h(148,39): warning C4244: “参数”: 从“double”转换到“float”，可能丢失数据
  (编译源文件“../../../src/Math/Plane.cpp”)
  
G:\Sun\SunEngine\src\Math\MathUtils.h(150,16): warning C4244: “=”: 从“double”转换到“float”，可能丢失数据
  (编译源文件“../../../src/Math/Plane.cpp”)
  
G:\Sun\SunEngine\src\Math\MathUtils.h(156,39): warning C4244: “参数”: 从“double”转换到“float”，可能丢失数据
  (编译源文件“../../../src/Math/Plane.cpp”)
  
G:\Sun\SunEngine\src\Math\MathUtils.h(159,16): warning C4244: “=”: 从“double”转换到“float”，可能丢失数据
  (编译源文件“../../../src/Math/Plane.cpp”)
  
G:\Sun\SunEngine\src\Math\MathUtils.h(163,39): warning C4244: “参数”: 从“double”转换到“float”，可能丢失数据
  (编译源文件“../../../src/Math/Plane.cpp”)
  
G:\Sun\SunEngine\src\Math\MathUtils.h(167,16): warning C4244: “=”: 从“double”转换到“float”，可能丢失数据
  (编译源文件“../../../src/Math/Plane.cpp”)
  
G:\Sun\SunEngine\src\Math\Plane.h(15,39): warning C4806: “|”: 不安全操作: 从类型“bool”提升到类型“int”的值不能等于给定的常量
  (编译源文件“../../../src/Math/Plane.cpp”)
  
G:\Sun\SunEngine\src\Math\Plane.h(15,39): warning C4554: “|”: 检查运算符优先级是否存在的可能的错误；使用括号阐明优先级
  (编译源文件“../../../src/Math/Plane.cpp”)
  
  Pluecker.cpp
G:\Sun\SunEngine\src\Math\MathUtils.h(141,18): warning C4244: “参数”: 从“double”转换到“float”，可能丢失数据
  (编译源文件“../../../src/Math/Pluecker.cpp”)
  
G:\Sun\SunEngine\src\Math\MathUtils.h(142,16): warning C4244: “=”: 从“double”转换到“float”，可能丢失数据
  (编译源文件“../../../src/Math/Pluecker.cpp”)
  
G:\Sun\SunEngine\src\Math\MathUtils.h(148,39): warning C4244: “参数”: 从“double”转换到“float”，可能丢失数据
  (编译源文件“../../../src/Math/Pluecker.cpp”)
  
G:\Sun\SunEngine\src\Math\MathUtils.h(150,16): warning C4244: “=”: 从“double”转换到“float”，可能丢失数据
  (编译源文件“../../../src/Math/Pluecker.cpp”)
  
G:\Sun\SunEngine\src\Math\MathUtils.h(156,39): warning C4244: “参数”: 从“double”转换到“float”，可能丢失数据
  (编译源文件“../../../src/Math/Pluecker.cpp”)
  
G:\Sun\SunEngine\src\Math\MathUtils.h(159,16): warning C4244: “=”: 从“double”转换到“float”，可能丢失数据
  (编译源文件“../../../src/Math/Pluecker.cpp”)
  
G:\Sun\SunEngine\src\Math\MathUtils.h(163,39): warning C4244: “参数”: 从“double”转换到“float”，可能丢失数据
  (编译源文件“../../../src/Math/Pluecker.cpp”)
  
G:\Sun\SunEngine\src\Math\MathUtils.h(167,16): warning C4244: “=”: 从“double”转换到“float”，可能丢失数据
  (编译源文件“../../../src/Math/Pluecker.cpp”)
  
G:\Sun\SunEngine\src\Math\Plane.h(15,39): warning C4806: “|”: 不安全操作: 从类型“bool”提升到类型“int”的值不能等于给定的常量
  (编译源文件“../../../src/Math/Pluecker.cpp”)
  
G:\Sun\SunEngine\src\Math\Plane.h(15,39): warning C4554: “|”: 检查运算符优先级是否存在的可能的错误；使用括号阐明优先级
  (编译源文件“../../../src/Math/Pluecker.cpp”)
  
  Polynomial.cpp
G:\Sun\SunEngine\src\Math\MathUtils.h(141,18): warning C4244: “参数”: 从“double”转换到“float”，可能丢失数据
  (编译源文件“../../../src/Math/Polynomial.cpp”)
  
G:\Sun\SunEngine\src\Math\MathUtils.h(142,16): warning C4244: “=”: 从“double”转换到“float”，可能丢失数据
  (编译源文件“../../../src/Math/Polynomial.cpp”)
  
G:\Sun\SunEngine\src\Math\MathUtils.h(148,39): warning C4244: “参数”: 从“double”转换到“float”，可能丢失数据
  (编译源文件“../../../src/Math/Polynomial.cpp”)
  
G:\Sun\SunEngine\src\Math\MathUtils.h(150,16): warning C4244: “=”: 从“double”转换到“float”，可能丢失数据
  (编译源文件“../../../src/Math/Polynomial.cpp”)
  
G:\Sun\SunEngine\src\Math\MathUtils.h(156,39): warning C4244: “参数”: 从“double”转换到“float”，可能丢失数据
  (编译源文件“../../../src/Math/Polynomial.cpp”)
  
G:\Sun\SunEngine\src\Math\MathUtils.h(159,16): warning C4244: “=”: 从“double”转换到“float”，可能丢失数据
  (编译源文件“../../../src/Math/Polynomial.cpp”)
  
G:\Sun\SunEngine\src\Math\MathUtils.h(163,39): warning C4244: “参数”: 从“double”转换到“float”，可能丢失数据
  (编译源文件“../../../src/Math/Polynomial.cpp”)
  
G:\Sun\SunEngine\src\Math\MathUtils.h(167,16): warning C4244: “=”: 从“double”转换到“float”，可能丢失数据
  (编译源文件“../../../src/Math/Polynomial.cpp”)
  
G:\Sun\SunEngine\src\Math\Polynomial.cpp(100,15): warning C4267: “初始化”: 从“size_t”转换到“int”，可能丢失数据
G:\Sun\SunEngine\src\Math\Polynomial.cpp(159,27): warning C4244: “+=”: 从“double”转换到“float”，可能丢失数据
  Polynomial3D.cpp
G:\Sun\SunEngine\src\Math\MathUtils.h(141,18): warning C4244: “参数”: 从“double”转换到“float”，可能丢失数据
  (编译源文件“../../../src/Math/Polynomial3D.cpp”)
  
G:\Sun\SunEngine\src\Math\MathUtils.h(142,16): warning C4244: “=”: 从“double”转换到“float”，可能丢失数据
  (编译源文件“../../../src/Math/Polynomial3D.cpp”)
  
G:\Sun\SunEngine\src\Math\MathUtils.h(148,39): warning C4244: “参数”: 从“double”转换到“float”，可能丢失数据
  (编译源文件“../../../src/Math/Polynomial3D.cpp”)
  
G:\Sun\SunEngine\src\Math\MathUtils.h(150,16): warning C4244: “=”: 从“double”转换到“float”，可能丢失数据
  (编译源文件“../../../src/Math/Polynomial3D.cpp”)
  
G:\Sun\SunEngine\src\Math\MathUtils.h(156,39): warning C4244: “参数”: 从“double”转换到“float”，可能丢失数据
  (编译源文件“../../../src/Math/Polynomial3D.cpp”)
  
G:\Sun\SunEngine\src\Math\MathUtils.h(159,16): warning C4244: “=”: 从“double”转换到“float”，可能丢失数据
  (编译源文件“../../../src/Math/Polynomial3D.cpp”)
  
G:\Sun\SunEngine\src\Math\MathUtils.h(163,39): warning C4244: “参数”: 从“double”转换到“float”，可能丢失数据
  (编译源文件“../../../src/Math/Polynomial3D.cpp”)
  
G:\Sun\SunEngine\src\Math\MathUtils.h(167,16): warning C4244: “=”: 从“double”转换到“float”，可能丢失数据
  (编译源文件“../../../src/Math/Polynomial3D.cpp”)
  
G:\Sun\SunEngine\src\Math\Polynomial3D.cpp(45,27): warning C4244: “+=”: 从“double”转换到“float”，可能丢失数据
G:\Sun\SunEngine\src\Math\Polynomial3D.cpp(57,15): warning C4267: “初始化”: 从“size_t”转换到“int”，可能丢失数据
  Quaternion.cpp
G:\Sun\SunEngine\src\Math\MathUtils.h(141,18): warning C4244: “参数”: 从“double”转换到“float”，可能丢失数据
  (编译源文件“../../../src/Math/Quaternion.cpp”)
  
G:\Sun\SunEngine\src\Math\MathUtils.h(142,16): warning C4244: “=”: 从“double”转换到“float”，可能丢失数据
  (编译源文件“../../../src/Math/Quaternion.cpp”)
  
G:\Sun\SunEngine\src\Math\MathUtils.h(148,39): warning C4244: “参数”: 从“double”转换到“float”，可能丢失数据
  (编译源文件“../../../src/Math/Quaternion.cpp”)
  
G:\Sun\SunEngine\src\Math\MathUtils.h(150,16): warning C4244: “=”: 从“double”转换到“float”，可能丢失数据
  (编译源文件“../../../src/Math/Quaternion.cpp”)
  
G:\Sun\SunEngine\src\Math\MathUtils.h(156,39): warning C4244: “参数”: 从“double”转换到“float”，可能丢失数据
  (编译源文件“../../../src/Math/Quaternion.cpp”)
  
G:\Sun\SunEngine\src\Math\MathUtils.h(159,16): warning C4244: “=”: 从“double”转换到“float”，可能丢失数据
  (编译源文件“../../../src/Math/Quaternion.cpp”)
  
G:\Sun\SunEngine\src\Math\MathUtils.h(163,39): warning C4244: “参数”: 从“double”转换到“float”，可能丢失数据
  (编译源文件“../../../src/Math/Quaternion.cpp”)
  
G:\Sun\SunEngine\src\Math\MathUtils.h(167,16): warning C4244: “=”: 从“double”转换到“float”，可能丢失数据
  (编译源文件“../../../src/Math/Quaternion.cpp”)
  
G:\Sun\SunEngine\src\Math\Quaternion.cpp(36,16): warning C4244: “=”: 从“double”转换到“Sun::Quaternion::scalar”，可能丢失数据
G:\Sun\SunEngine\src\Math\Quaternion.cpp(41,19): warning C4244: “=”: 从“double”转换到“Sun::Quaternion::scalar”，可能丢失数据
G:\Sun\SunEngine\src\Math\Quaternion.cpp(42,19): warning C4244: “=”: 从“double”转换到“Sun::Quaternion::scalar”，可能丢失数据
G:\Sun\SunEngine\src\Math\Quaternion.cpp(43,19): warning C4244: “=”: 从“double”转换到“Sun::Quaternion::scalar”，可能丢失数据
G:\Sun\SunEngine\src\Math\Quaternion.cpp(52,23): warning C4244: “=”: 从“double”转换到“Sun::Quaternion::scalar”，可能丢失数据
G:\Sun\SunEngine\src\Math\Quaternion.cpp(53,23): warning C4244: “=”: 从“double”转换到“Sun::Quaternion::scalar”，可能丢失数据
G:\Sun\SunEngine\src\Math\Quaternion.cpp(54,23): warning C4244: “=”: 从“double”转换到“Sun::Quaternion::scalar”，可能丢失数据
G:\Sun\SunEngine\src\Math\Quaternion.cpp(76,15): warning C4244: “=”: 从“double”转换到“Sun::Quaternion::scalar”，可能丢失数据
G:\Sun\SunEngine\src\Math\Quaternion.cpp(77,15): warning C4244: “=”: 从“double”转换到“Sun::Quaternion::scalar”，可能丢失数据
G:\Sun\SunEngine\src\Math\Quaternion.cpp(78,15): warning C4244: “=”: 从“double”转换到“Sun::Quaternion::scalar”，可能丢失数据
G:\Sun\SunEngine\src\Math\Quaternion.cpp(79,15): warning C4244: “=”: 从“double”转换到“Sun::Quaternion::scalar”，可能丢失数据
G:\Sun\SunEngine\src\Math\Quaternion.cpp(94,16): warning C4244: “=”: 从“double”转换到“Sun::Quaternion::scalar”，可能丢失数据
G:\Sun\SunEngine\src\Math\Quaternion.cpp(95,16): warning C4244: “=”: 从“double”转换到“Sun::Quaternion::scalar”，可能丢失数据
G:\Sun\SunEngine\src\Math\Quaternion.cpp(96,16): warning C4244: “=”: 从“double”转换到“Sun::Quaternion::scalar”，可能丢失数据
G:\Sun\SunEngine\src\Math\Quaternion.cpp(97,15): warning C4244: “=”: 从“double”转换到“Sun::Quaternion::scalar”，可能丢失数据
G:\Sun\SunEngine\src\Math\Quaternion.cpp(152,27): warning C4244: “参数”: 从“double”转换到“Sun::Quaternion::scalar”，可能丢失数据
G:\Sun\SunEngine\src\Math\Quaternion.cpp(151,27): warning C4244: “参数”: 从“double”转换到“Sun::Quaternion::scalar”，可能丢失数据
G:\Sun\SunEngine\src\Math\Quaternion.cpp(150,27): warning C4244: “参数”: 从“double”转换到“Sun::Quaternion::scalar”，可能丢失数据
G:\Sun\SunEngine\src\Math\Quaternion.cpp(149,27): warning C4244: “参数”: 从“double”转换到“Sun::Quaternion::scalar”，可能丢失数据
G:\Sun\SunEngine\src\Math\Quaternion.cpp(158,25): warning C4244: “初始化”: 从“double”转换到“float”，可能丢失数据
G:\Sun\SunEngine\src\Math\Quaternion.cpp(182,27): warning C4244: “初始化”: 从“double”转换到“float”，可能丢失数据
G:\Sun\SunEngine\src\Math\Quaternion.cpp(207,50): warning C4244: “参数”: 从“double”转换到“Sun::Quaternion::scalar”，可能丢失数据
G:\Sun\SunEngine\src\Math\Quaternion.cpp(207,43): warning C4244: “参数”: 从“double”转换到“Sun::Quaternion::scalar”，可能丢失数据
G:\Sun\SunEngine\src\Math\Quaternion.cpp(207,36): warning C4244: “参数”: 从“double”转换到“Sun::Quaternion::scalar”，可能丢失数据
G:\Sun\SunEngine\src\Math\Quaternion.cpp(207,29): warning C4244: “参数”: 从“double”转换到“Sun::Quaternion::scalar”，可能丢失数据
G:\Sun\SunEngine\src\Math\Quaternion.cpp(238,46): warning C4244: “参数”: 从“double”转换到“const float”，可能丢失数据
G:\Sun\SunEngine\src\Math\Quaternion.cpp(238,56): warning C4244: “参数”: 从“double”转换到“const float”，可能丢失数据
G:\Sun\SunEngine\src\Math\Quaternion.cpp(239,45): warning C4244: “参数”: 从“double”转换到“Sun::Quaternion::scalar”，可能丢失数据
  正在生成代码...
G:\Sun\SunEngine\src\Math\Expression.cpp(507,1): warning C4715: “Sun::AExpression::toPrefix”: 不是所有的控件路径都返回值
  正在编译...
  Random.cpp
G:\Sun\SunEngine\src\Math\MathUtils.h(141,18): warning C4244: “参数”: 从“double”转换到“float”，可能丢失数据
  (编译源文件“../../../src/Math/Random.cpp”)
  
G:\Sun\SunEngine\src\Math\MathUtils.h(142,16): warning C4244: “=”: 从“double”转换到“float”，可能丢失数据
  (编译源文件“../../../src/Math/Random.cpp”)
  
G:\Sun\SunEngine\src\Math\MathUtils.h(148,39): warning C4244: “参数”: 从“double”转换到“float”，可能丢失数据
  (编译源文件“../../../src/Math/Random.cpp”)
  
G:\Sun\SunEngine\src\Math\MathUtils.h(150,16): warning C4244: “=”: 从“double”转换到“float”，可能丢失数据
  (编译源文件“../../../src/Math/Random.cpp”)
  
G:\Sun\SunEngine\src\Math\MathUtils.h(156,39): warning C4244: “参数”: 从“double”转换到“float”，可能丢失数据
  (编译源文件“../../../src/Math/Random.cpp”)
  
G:\Sun\SunEngine\src\Math\MathUtils.h(159,16): warning C4244: “=”: 从“double”转换到“float”，可能丢失数据
  (编译源文件“../../../src/Math/Random.cpp”)
  
G:\Sun\SunEngine\src\Math\MathUtils.h(163,39): warning C4244: “参数”: 从“double”转换到“float”，可能丢失数据
  (编译源文件“../../../src/Math/Random.cpp”)
  
G:\Sun\SunEngine\src\Math\MathUtils.h(167,16): warning C4244: “=”: 从“double”转换到“float”，可能丢失数据
  (编译源文件“../../../src/Math/Random.cpp”)
  
G:\Sun\SunEngine\src\Math\Random.h(40,33): warning C4244: “return”: 从“double”转换到“float”，可能丢失数据
  (编译源文件“../../../src/Math/Random.cpp”)
  
G:\Sun\SunEngine\src\Math\Random.h(114,32): warning C4244: “=”: 从“int”转换到“_T”，可能丢失数据
G:\Sun\SunEngine\src\Math\Random.h(114,32): warning C4244:         with
G:\Sun\SunEngine\src\Math\Random.h(114,32): warning C4244:         [
G:\Sun\SunEngine\src\Math\Random.h(114,32): warning C4244:             _T=float
G:\Sun\SunEngine\src\Math\Random.h(114,32): warning C4244:         ]
  (编译源文件“../../../src/Math/Random.cpp”)
  
G:\Sun\SunEngine\src\Math\Random.h(115,32): warning C4244: “=”: 从“int”转换到“_T”，可能丢失数据
G:\Sun\SunEngine\src\Math\Random.h(115,32): warning C4244:         with
G:\Sun\SunEngine\src\Math\Random.h(115,32): warning C4244:         [
G:\Sun\SunEngine\src\Math\Random.h(115,32): warning C4244:             _T=float
G:\Sun\SunEngine\src\Math\Random.h(115,32): warning C4244:         ]
  (编译源文件“../../../src/Math/Random.cpp”)
  
G:\Sun\SunEngine\src\Math\Random.h(116,32): warning C4244: “=”: 从“int”转换到“_T”，可能丢失数据
G:\Sun\SunEngine\src\Math\Random.h(116,32): warning C4244:         with
G:\Sun\SunEngine\src\Math\Random.h(116,32): warning C4244:         [
G:\Sun\SunEngine\src\Math\Random.h(116,32): warning C4244:             _T=float
G:\Sun\SunEngine\src\Math\Random.h(116,32): warning C4244:         ]
  (编译源文件“../../../src/Math/Random.cpp”)
  
  Ray.cpp
G:\Sun\SunEngine\src\Math\MathUtils.h(141,18): warning C4244: “参数”: 从“double”转换到“float”，可能丢失数据
  (编译源文件“../../../src/Math/Ray.cpp”)
  
G:\Sun\SunEngine\src\Math\MathUtils.h(142,16): warning C4244: “=”: 从“double”转换到“float”，可能丢失数据
  (编译源文件“../../../src/Math/Ray.cpp”)
  
G:\Sun\SunEngine\src\Math\MathUtils.h(148,39): warning C4244: “参数”: 从“double”转换到“float”，可能丢失数据
  (编译源文件“../../../src/Math/Ray.cpp”)
  
G:\Sun\SunEngine\src\Math\MathUtils.h(150,16): warning C4244: “=”: 从“double”转换到“float”，可能丢失数据
  (编译源文件“../../../src/Math/Ray.cpp”)
  
G:\Sun\SunEngine\src\Math\MathUtils.h(156,39): warning C4244: “参数”: 从“double”转换到“float”，可能丢失数据
  (编译源文件“../../../src/Math/Ray.cpp”)
  
G:\Sun\SunEngine\src\Math\MathUtils.h(159,16): warning C4244: “=”: 从“double”转换到“float”，可能丢失数据
  (编译源文件“../../../src/Math/Ray.cpp”)
  
G:\Sun\SunEngine\src\Math\MathUtils.h(163,39): warning C4244: “参数”: 从“double”转换到“float”，可能丢失数据
  (编译源文件“../../../src/Math/Ray.cpp”)
  
G:\Sun\SunEngine\src\Math\MathUtils.h(167,16): warning C4244: “=”: 从“double”转换到“float”，可能丢失数据
  (编译源文件“../../../src/Math/Ray.cpp”)
  
  Rotator.cpp
  Segment3D.cpp
G:\Sun\SunEngine\src\Math\MathUtils.h(141,18): warning C4244: “参数”: 从“double”转换到“float”，可能丢失数据
  (编译源文件“../../../src/Math/Segment3D.cpp”)
  
G:\Sun\SunEngine\src\Math\MathUtils.h(142,16): warning C4244: “=”: 从“double”转换到“float”，可能丢失数据
  (编译源文件“../../../src/Math/Segment3D.cpp”)
  
G:\Sun\SunEngine\src\Math\MathUtils.h(148,39): warning C4244: “参数”: 从“double”转换到“float”，可能丢失数据
  (编译源文件“../../../src/Math/Segment3D.cpp”)
  
G:\Sun\SunEngine\src\Math\MathUtils.h(150,16): warning C4244: “=”: 从“double”转换到“float”，可能丢失数据
  (编译源文件“../../../src/Math/Segment3D.cpp”)
  
G:\Sun\SunEngine\src\Math\MathUtils.h(156,39): warning C4244: “参数”: 从“double”转换到“float”，可能丢失数据
  (编译源文件“../../../src/Math/Segment3D.cpp”)
  
G:\Sun\SunEngine\src\Math\MathUtils.h(159,16): warning C4244: “=”: 从“double”转换到“float”，可能丢失数据
  (编译源文件“../../../src/Math/Segment3D.cpp”)
  
G:\Sun\SunEngine\src\Math\MathUtils.h(163,39): warning C4244: “参数”: 从“double”转换到“float”，可能丢失数据
  (编译源文件“../../../src/Math/Segment3D.cpp”)
  
G:\Sun\SunEngine\src\Math\MathUtils.h(167,16): warning C4244: “=”: 从“double”转换到“float”，可能丢失数据
  (编译源文件“../../../src/Math/Segment3D.cpp”)
  
  Sphere.cpp
G:\Sun\SunEngine\src\Math\MathUtils.h(141,18): warning C4244: “参数”: 从“double”转换到“float”，可能丢失数据
  (编译源文件“../../../src/Math/Sphere.cpp”)
  
G:\Sun\SunEngine\src\Math\MathUtils.h(142,16): warning C4244: “=”: 从“double”转换到“float”，可能丢失数据
  (编译源文件“../../../src/Math/Sphere.cpp”)
  
G:\Sun\SunEngine\src\Math\MathUtils.h(148,39): warning C4244: “参数”: 从“double”转换到“float”，可能丢失数据
  (编译源文件“../../../src/Math/Sphere.cpp”)
  
G:\Sun\SunEngine\src\Math\MathUtils.h(150,16): warning C4244: “=”: 从“double”转换到“float”，可能丢失数据
  (编译源文件“../../../src/Math/Sphere.cpp”)
  
G:\Sun\SunEngine\src\Math\MathUtils.h(156,39): warning C4244: “参数”: 从“double”转换到“float”，可能丢失数据
  (编译源文件“../../../src/Math/Sphere.cpp”)
  
G:\Sun\SunEngine\src\Math\MathUtils.h(159,16): warning C4244: “=”: 从“double”转换到“float”，可能丢失数据
  (编译源文件“../../../src/Math/Sphere.cpp”)
  
G:\Sun\SunEngine\src\Math\MathUtils.h(163,39): warning C4244: “参数”: 从“double”转换到“float”，可能丢失数据
  (编译源文件“../../../src/Math/Sphere.cpp”)
  
G:\Sun\SunEngine\src\Math\MathUtils.h(167,16): warning C4244: “=”: 从“double”转换到“float”，可能丢失数据
  (编译源文件“../../../src/Math/Sphere.cpp”)
  
  Sphere_Ray.cpp
G:\Sun\SunEngine\src\Math\MathUtils.h(141,18): warning C4244: “参数”: 从“double”转换到“float”，可能丢失数据
  (编译源文件“../../../src/Math/Sphere_Ray.cpp”)
  
G:\Sun\SunEngine\src\Math\MathUtils.h(142,16): warning C4244: “=”: 从“double”转换到“float”，可能丢失数据
  (编译源文件“../../../src/Math/Sphere_Ray.cpp”)
  
G:\Sun\SunEngine\src\Math\MathUtils.h(148,39): warning C4244: “参数”: 从“double”转换到“float”，可能丢失数据
  (编译源文件“../../../src/Math/Sphere_Ray.cpp”)
  
G:\Sun\SunEngine\src\Math\MathUtils.h(150,16): warning C4244: “=”: 从“double”转换到“float”，可能丢失数据
  (编译源文件“../../../src/Math/Sphere_Ray.cpp”)
  
G:\Sun\SunEngine\src\Math\MathUtils.h(156,39): warning C4244: “参数”: 从“double”转换到“float”，可能丢失数据
  (编译源文件“../../../src/Math/Sphere_Ray.cpp”)
  
G:\Sun\SunEngine\src\Math\MathUtils.h(159,16): warning C4244: “=”: 从“double”转换到“float”，可能丢失数据
  (编译源文件“../../../src/Math/Sphere_Ray.cpp”)
  
G:\Sun\SunEngine\src\Math\MathUtils.h(163,39): warning C4244: “参数”: 从“double”转换到“float”，可能丢失数据
  (编译源文件“../../../src/Math/Sphere_Ray.cpp”)
  
G:\Sun\SunEngine\src\Math\MathUtils.h(167,16): warning C4244: “=”: 从“double”转换到“float”，可能丢失数据
  (编译源文件“../../../src/Math/Sphere_Ray.cpp”)
  
  Transform3D.cpp
G:\Sun\SunEngine\src\Math\MathUtils.h(141,18): warning C4244: “参数”: 从“double”转换到“float”，可能丢失数据
  (编译源文件“../../../src/Math/Transform3D.cpp”)
  
G:\Sun\SunEngine\src\Math\MathUtils.h(142,16): warning C4244: “=”: 从“double”转换到“float”，可能丢失数据
  (编译源文件“../../../src/Math/Transform3D.cpp”)
  
G:\Sun\SunEngine\src\Math\MathUtils.h(148,39): warning C4244: “参数”: 从“double”转换到“float”，可能丢失数据
  (编译源文件“../../../src/Math/Transform3D.cpp”)
  
G:\Sun\SunEngine\src\Math\MathUtils.h(150,16): warning C4244: “=”: 从“double”转换到“float”，可能丢失数据
  (编译源文件“../../../src/Math/Transform3D.cpp”)
  
G:\Sun\SunEngine\src\Math\MathUtils.h(156,39): warning C4244: “参数”: 从“double”转换到“float”，可能丢失数据
  (编译源文件“../../../src/Math/Transform3D.cpp”)
  
G:\Sun\SunEngine\src\Math\MathUtils.h(159,16): warning C4244: “=”: 从“double”转换到“float”，可能丢失数据
  (编译源文件“../../../src/Math/Transform3D.cpp”)
  
G:\Sun\SunEngine\src\Math\MathUtils.h(163,39): warning C4244: “参数”: 从“double”转换到“float”，可能丢失数据
  (编译源文件“../../../src/Math/Transform3D.cpp”)
  
G:\Sun\SunEngine\src\Math\MathUtils.h(167,16): warning C4244: “=”: 从“double”转换到“float”，可能丢失数据
  (编译源文件“../../../src/Math/Transform3D.cpp”)
  
G:\Sun\SunEngine\src\Math\Transform3D.cpp(124,66): warning C4244: “参数”: 从“double”转换到“_T”，可能丢失数据
G:\Sun\SunEngine\src\Math\Transform3D.cpp(124,66): warning C4244:         with
G:\Sun\SunEngine\src\Math\Transform3D.cpp(124,66): warning C4244:         [
G:\Sun\SunEngine\src\Math\Transform3D.cpp(124,66): warning C4244:             _T=float
G:\Sun\SunEngine\src\Math\Transform3D.cpp(124,66): warning C4244:         ]
G:\Sun\SunEngine\src\Math\Transform3D.cpp(124,50): warning C4244: “参数”: 从“double”转换到“_T”，可能丢失数据
G:\Sun\SunEngine\src\Math\Transform3D.cpp(124,50): warning C4244:         with
G:\Sun\SunEngine\src\Math\Transform3D.cpp(124,50): warning C4244:         [
G:\Sun\SunEngine\src\Math\Transform3D.cpp(124,50): warning C4244:             _T=float
G:\Sun\SunEngine\src\Math\Transform3D.cpp(124,50): warning C4244:         ]
G:\Sun\SunEngine\src\Math\Transform3D.cpp(124,34): warning C4244: “参数”: 从“double”转换到“_T”，可能丢失数据
G:\Sun\SunEngine\src\Math\Transform3D.cpp(124,34): warning C4244:         with
G:\Sun\SunEngine\src\Math\Transform3D.cpp(124,34): warning C4244:         [
G:\Sun\SunEngine\src\Math\Transform3D.cpp(124,34): warning C4244:             _T=float
G:\Sun\SunEngine\src\Math\Transform3D.cpp(124,34): warning C4244:         ]
  Triangle.cpp
G:\Sun\SunEngine\src\Math\MathUtils.h(141,18): warning C4244: “参数”: 从“double”转换到“float”，可能丢失数据
  (编译源文件“../../../src/Math/Triangle.cpp”)
  
G:\Sun\SunEngine\src\Math\MathUtils.h(142,16): warning C4244: “=”: 从“double”转换到“float”，可能丢失数据
  (编译源文件“../../../src/Math/Triangle.cpp”)
  
G:\Sun\SunEngine\src\Math\MathUtils.h(148,39): warning C4244: “参数”: 从“double”转换到“float”，可能丢失数据
  (编译源文件“../../../src/Math/Triangle.cpp”)
  
G:\Sun\SunEngine\src\Math\MathUtils.h(150,16): warning C4244: “=”: 从“double”转换到“float”，可能丢失数据
  (编译源文件“../../../src/Math/Triangle.cpp”)
  
G:\Sun\SunEngine\src\Math\MathUtils.h(156,39): warning C4244: “参数”: 从“double”转换到“float”，可能丢失数据
  (编译源文件“../../../src/Math/Triangle.cpp”)
  
G:\Sun\SunEngine\src\Math\MathUtils.h(159,16): warning C4244: “=”: 从“double”转换到“float”，可能丢失数据
  (编译源文件“../../../src/Math/Triangle.cpp”)
  
G:\Sun\SunEngine\src\Math\MathUtils.h(163,39): warning C4244: “参数”: 从“double”转换到“float”，可能丢失数据
  (编译源文件“../../../src/Math/Triangle.cpp”)
  
G:\Sun\SunEngine\src\Math\MathUtils.h(167,16): warning C4244: “=”: 从“double”转换到“float”，可能丢失数据
  (编译源文件“../../../src/Math/Triangle.cpp”)
  
  Vector.cpp
  Vector2D.cpp
G:\Sun\SunEngine\src\Math\MathUtils.h(141,18): warning C4244: “参数”: 从“double”转换到“float”，可能丢失数据
  (编译源文件“../../../src/Math/Vector2D.cpp”)
  
G:\Sun\SunEngine\src\Math\MathUtils.h(142,16): warning C4244: “=”: 从“double”转换到“float”，可能丢失数据
  (编译源文件“../../../src/Math/Vector2D.cpp”)
  
G:\Sun\SunEngine\src\Math\MathUtils.h(148,39): warning C4244: “参数”: 从“double”转换到“float”，可能丢失数据
  (编译源文件“../../../src/Math/Vector2D.cpp”)
  
G:\Sun\SunEngine\src\Math\MathUtils.h(150,16): warning C4244: “=”: 从“double”转换到“float”，可能丢失数据
  (编译源文件“../../../src/Math/Vector2D.cpp”)
  
G:\Sun\SunEngine\src\Math\MathUtils.h(156,39): warning C4244: “参数”: 从“double”转换到“float”，可能丢失数据
  (编译源文件“../../../src/Math/Vector2D.cpp”)
  
G:\Sun\SunEngine\src\Math\MathUtils.h(159,16): warning C4244: “=”: 从“double”转换到“float”，可能丢失数据
  (编译源文件“../../../src/Math/Vector2D.cpp”)
  
G:\Sun\SunEngine\src\Math\MathUtils.h(163,39): warning C4244: “参数”: 从“double”转换到“float”，可能丢失数据
  (编译源文件“../../../src/Math/Vector2D.cpp”)
  
G:\Sun\SunEngine\src\Math\MathUtils.h(167,16): warning C4244: “=”: 从“double”转换到“float”，可能丢失数据
  (编译源文件“../../../src/Math/Vector2D.cpp”)
  
  Vector3D.cpp
G:\Sun\SunEngine\src\Math\MathUtils.h(141,18): warning C4244: “参数”: 从“double”转换到“float”，可能丢失数据
  (编译源文件“../../../src/Math/Vector3D.cpp”)
  
G:\Sun\SunEngine\src\Math\MathUtils.h(142,16): warning C4244: “=”: 从“double”转换到“float”，可能丢失数据
  (编译源文件“../../../src/Math/Vector3D.cpp”)
  
G:\Sun\SunEngine\src\Math\MathUtils.h(148,39): warning C4244: “参数”: 从“double”转换到“float”，可能丢失数据
  (编译源文件“../../../src/Math/Vector3D.cpp”)
  
G:\Sun\SunEngine\src\Math\MathUtils.h(150,16): warning C4244: “=”: 从“double”转换到“float”，可能丢失数据
  (编译源文件“../../../src/Math/Vector3D.cpp”)
  
G:\Sun\SunEngine\src\Math\MathUtils.h(156,39): warning C4244: “参数”: 从“double”转换到“float”，可能丢失数据
  (编译源文件“../../../src/Math/Vector3D.cpp”)
  
G:\Sun\SunEngine\src\Math\MathUtils.h(159,16): warning C4244: “=”: 从“double”转换到“float”，可能丢失数据
  (编译源文件“../../../src/Math/Vector3D.cpp”)
  
G:\Sun\SunEngine\src\Math\MathUtils.h(163,39): warning C4244: “参数”: 从“double”转换到“float”，可能丢失数据
  (编译源文件“../../../src/Math/Vector3D.cpp”)
  
G:\Sun\SunEngine\src\Math\MathUtils.h(167,16): warning C4244: “=”: 从“double”转换到“float”，可能丢失数据
  (编译源文件“../../../src/Math/Vector3D.cpp”)
  
  Vector4D.cpp
G:\Sun\SunEngine\src\Math\MathUtils.h(141,18): warning C4244: “参数”: 从“double”转换到“float”，可能丢失数据
  (编译源文件“../../../src/Math/Vector4D.cpp”)
  
G:\Sun\SunEngine\src\Math\MathUtils.h(142,16): warning C4244: “=”: 从“double”转换到“float”，可能丢失数据
  (编译源文件“../../../src/Math/Vector4D.cpp”)
  
G:\Sun\SunEngine\src\Math\MathUtils.h(148,39): warning C4244: “参数”: 从“double”转换到“float”，可能丢失数据
  (编译源文件“../../../src/Math/Vector4D.cpp”)
  
G:\Sun\SunEngine\src\Math\MathUtils.h(150,16): warning C4244: “=”: 从“double”转换到“float”，可能丢失数据
  (编译源文件“../../../src/Math/Vector4D.cpp”)
  
G:\Sun\SunEngine\src\Math\MathUtils.h(156,39): warning C4244: “参数”: 从“double”转换到“float”，可能丢失数据
  (编译源文件“../../../src/Math/Vector4D.cpp”)
  
G:\Sun\SunEngine\src\Math\MathUtils.h(159,16): warning C4244: “=”: 从“double”转换到“float”，可能丢失数据
  (编译源文件“../../../src/Math/Vector4D.cpp”)
  
G:\Sun\SunEngine\src\Math\MathUtils.h(163,39): warning C4244: “参数”: 从“double”转换到“float”，可能丢失数据
  (编译源文件“../../../src/Math/Vector4D.cpp”)
  
G:\Sun\SunEngine\src\Math\MathUtils.h(167,16): warning C4244: “=”: 从“double”转换到“float”，可能丢失数据
  (编译源文件“../../../src/Math/Vector4D.cpp”)
  
  正在生成代码...
  Math.vcxproj -> G:\Sun\SunEngine\myproj\Debug\Math.lib
