e:\git\testproj\sunengine\myproj\src\math\debug\math.pdb
g:\sunengine__old\myproj\src\math\math.dir\debug\pluecker.obj
g:\sunengine__old\myproj\debug\math.pdb
g:\sunengine__old\myproj\src\math\math.dir\debug\quaternion.obj
g:\sunengine__old\myproj\src\math\math.dir\debug\polynomial3d.obj
g:\sunengine__old\myproj\src\math\math.dir\debug\polynomial.obj
g:\sunengine__old\myproj\src\math\math.dir\debug\plane.obj
g:\sunengine__old\myproj\src\math\math.dir\debug\matrixn.obj
g:\sunengine__old\myproj\src\math\math.dir\debug\matrix4x4.obj
g:\sunengine__old\myproj\src\math\math.dir\debug\matrix3x3.obj
g:\sunengine__old\myproj\src\math\math.dir\debug\line.obj
g:\sunengine__old\myproj\src\math\math.dir\debug\graph.obj
g:\sunengine__old\myproj\src\math\math.dir\debug\geometry.obj
g:\sunengine__old\myproj\src\math\math.dir\debug\fft.obj
g:\sunengine__old\myproj\src\math\math.dir\debug\expression.obj
g:\sunengine__old\myproj\src\math\math.dir\debug\equation.obj
g:\sunengine__old\myproj\src\math\math.dir\debug\cylinder.obj
g:\sunengine__old\myproj\src\math\math.dir\debug\capsule.obj
g:\sunengine__old\myproj\src\math\math.dir\debug\brush.obj
g:\sunengine__old\myproj\src\math\math.dir\debug\box.obj
g:\sunengine__old\myproj\src\math\math.dir\debug\bipartitegraph.obj
g:\sunengine__old\myproj\src\math\math.dir\debug\algorithm.obj
g:\sunengine__old\myproj\src\math\math.dir\debug\vector4d.obj
g:\sunengine__old\myproj\src\math\math.dir\debug\vector3d.obj
g:\sunengine__old\myproj\src\math\math.dir\debug\vector2d.obj
g:\sunengine__old\myproj\src\math\math.dir\debug\vector.obj
g:\sunengine__old\myproj\src\math\math.dir\debug\triangle.obj
g:\sunengine__old\myproj\src\math\math.dir\debug\transform3d.obj
g:\sunengine__old\myproj\src\math\math.dir\debug\sphere_ray.obj
g:\sunengine__old\myproj\src\math\math.dir\debug\sphere.obj
g:\sunengine__old\myproj\src\math\math.dir\debug\segment3d.obj
g:\sunengine__old\myproj\src\math\math.dir\debug\rotator.obj
g:\sunengine__old\myproj\src\math\math.dir\debug\ray.obj
g:\sunengine__old\myproj\src\math\math.dir\debug\random.obj
g:\sunengine__old\myproj\debug\math.lib
g:\sunengine__old\myproj\src\math\math.dir\debug\math.tlog\cl.command.1.tlog
g:\sunengine__old\myproj\src\math\math.dir\debug\math.tlog\cl.items.tlog
g:\sunengine__old\myproj\src\math\math.dir\debug\math.tlog\cl.read.1.tlog
g:\sunengine__old\myproj\src\math\math.dir\debug\math.tlog\cl.write.1.tlog
g:\sunengine__old\myproj\src\math\math.dir\debug\math.tlog\lib-link.read.1.tlog
g:\sunengine__old\myproj\src\math\math.dir\debug\math.tlog\lib-link.write.1.tlog
g:\sunengine__old\myproj\src\math\math.dir\debug\math.tlog\lib.command.1.tlog
